Command line invocation:
    /Applications/Xcode.app/Contents/Developer/usr/bin/xcodebuild -workspace macos/Runner.xcworkspace -scheme Runner -configuration Debug -destination platform=macOS,arch=arm64 build

ComputePackagePrebuildTargetDependencyGraph

Prepare packages

CreateBuildRequest

SendProjectDescription

CreateBuildOperation

ComputeTargetDependencyGraph
note: Building targets in dependency order
note: Target dependency graph (19 targets)
    Target 'Runner' in project 'Runner'
        ➜ Explicit dependency on target 'Flutter Assemble' in project 'Runner'
        ➜ Implicit dependency on target 'Pods-Runner' in project 'Pods' via file 'Pods_Runner.framework' in build phase 'Link Binary'
        ➜ Implicit dependency on target 'appkit_ui_element_colors' in project 'Pods' via options '-framework appkit_ui_element_colors' in build setting 'OTHER_LDFLAGS'
        ➜ Implicit dependency on target 'ffmpeg_kit_flutter_new' in project 'Pods' via options '-framework ffmpeg_kit_flutter_new' in build setting 'OTHER_LDFLAGS'
        ➜ Implicit dependency on target 'file_picker' in project 'Pods' via options '-framework file_picker' in build setting 'OTHER_LDFLAGS'
        ➜ Implicit dependency on target 'macos_ui' in project 'Pods' via options '-framework macos_ui' in build setting 'OTHER_LDFLAGS'
        ➜ Implicit dependency on target 'macos_window_utils' in project 'Pods' via options '-framework macos_window_utils' in build setting 'OTHER_LDFLAGS'
        ➜ Implicit dependency on target 'path_provider_foundation' in project 'Pods' via options '-framework path_provider_foundation' in build setting 'OTHER_LDFLAGS'
        ➜ Implicit dependency on target 'sqlite3' in project 'Pods' via options '-framework sqlite3' in build setting 'OTHER_LDFLAGS'
        ➜ Implicit dependency on target 'sqlite3_flutter_libs' in project 'Pods' via options '-framework sqlite3_flutter_libs' in build setting 'OTHER_LDFLAGS'
        ➜ Implicit dependency on target 'url_launcher_macos' in project 'Pods' via options '-framework url_launcher_macos' in build setting 'OTHER_LDFLAGS'
    Target 'Pods-Runner' in project 'Pods'
        ➜ Explicit dependency on target 'FlutterMacOS' in project 'Pods'
        ➜ Explicit dependency on target 'appkit_ui_element_colors' in project 'Pods'
        ➜ Explicit dependency on target 'ffmpeg_kit_flutter_new' in project 'Pods'
        ➜ Explicit dependency on target 'file_picker' in project 'Pods'
        ➜ Explicit dependency on target 'macos_ui' in project 'Pods'
        ➜ Explicit dependency on target 'macos_window_utils' in project 'Pods'
        ➜ Explicit dependency on target 'path_provider_foundation' in project 'Pods'
        ➜ Explicit dependency on target 'sqlite3' in project 'Pods'
        ➜ Explicit dependency on target 'sqlite3_flutter_libs' in project 'Pods'
        ➜ Explicit dependency on target 'url_launcher_macos' in project 'Pods'
    Target 'Flutter Assemble' in project 'Runner'
        ➜ Implicit dependency on target 'appkit_ui_element_colors' in project 'Pods' via options '-framework appkit_ui_element_colors' in build setting 'OTHER_LDFLAGS'
        ➜ Implicit dependency on target 'ffmpeg_kit_flutter_new' in project 'Pods' via options '-framework ffmpeg_kit_flutter_new' in build setting 'OTHER_LDFLAGS'
        ➜ Implicit dependency on target 'file_picker' in project 'Pods' via options '-framework file_picker' in build setting 'OTHER_LDFLAGS'
        ➜ Implicit dependency on target 'macos_ui' in project 'Pods' via options '-framework macos_ui' in build setting 'OTHER_LDFLAGS'
        ➜ Implicit dependency on target 'macos_window_utils' in project 'Pods' via options '-framework macos_window_utils' in build setting 'OTHER_LDFLAGS'
        ➜ Implicit dependency on target 'path_provider_foundation' in project 'Pods' via options '-framework path_provider_foundation' in build setting 'OTHER_LDFLAGS'
        ➜ Implicit dependency on target 'sqlite3' in project 'Pods' via options '-framework sqlite3' in build setting 'OTHER_LDFLAGS'
        ➜ Implicit dependency on target 'sqlite3_flutter_libs' in project 'Pods' via options '-framework sqlite3_flutter_libs' in build setting 'OTHER_LDFLAGS'
        ➜ Implicit dependency on target 'url_launcher_macos' in project 'Pods' via options '-framework url_launcher_macos' in build setting 'OTHER_LDFLAGS'
    Target 'url_launcher_macos' in project 'Pods'
        ➜ Explicit dependency on target 'FlutterMacOS' in project 'Pods'
        ➜ Explicit dependency on target 'url_launcher_macos-url_launcher_macos_privacy' in project 'Pods'
    Target 'url_launcher_macos-url_launcher_macos_privacy' in project 'Pods' (no dependencies)
    Target 'sqlite3_flutter_libs' in project 'Pods'
        ➜ Explicit dependency on target 'FlutterMacOS' in project 'Pods'
        ➜ Explicit dependency on target 'sqlite3' in project 'Pods'
    Target 'sqlite3' in project 'Pods' (no dependencies)
    Target 'path_provider_foundation' in project 'Pods'
        ➜ Explicit dependency on target 'FlutterMacOS' in project 'Pods'
        ➜ Explicit dependency on target 'path_provider_foundation-path_provider_foundation_privacy' in project 'Pods'
    Target 'path_provider_foundation-path_provider_foundation_privacy' in project 'Pods' (no dependencies)
    Target 'macos_window_utils' in project 'Pods'
        ➜ Explicit dependency on target 'FlutterMacOS' in project 'Pods'
        ➜ Explicit dependency on target 'macos_window_utils-macos_window_utils_privacy' in project 'Pods'
    Target 'macos_window_utils-macos_window_utils_privacy' in project 'Pods' (no dependencies)
    Target 'macos_ui' in project 'Pods'
        ➜ Explicit dependency on target 'FlutterMacOS' in project 'Pods'
        ➜ Explicit dependency on target 'macos_ui-macos_ui_privacy' in project 'Pods'
    Target 'macos_ui-macos_ui_privacy' in project 'Pods' (no dependencies)
    Target 'file_picker' in project 'Pods'
        ➜ Explicit dependency on target 'FlutterMacOS' in project 'Pods'
        ➜ Explicit dependency on target 'file_picker-file_picker_privacy' in project 'Pods'
    Target 'file_picker-file_picker_privacy' in project 'Pods' (no dependencies)
    Target 'ffmpeg_kit_flutter_new' in project 'Pods'
        ➜ Explicit dependency on target 'FlutterMacOS' in project 'Pods'
    Target 'appkit_ui_element_colors' in project 'Pods'
        ➜ Explicit dependency on target 'FlutterMacOS' in project 'Pods'
        ➜ Explicit dependency on target 'appkit_ui_element_colors-appkit_ui_element_colors_privacy' in project 'Pods'
    Target 'appkit_ui_element_colors-appkit_ui_element_colors_privacy' in project 'Pods' (no dependencies)
    Target 'FlutterMacOS' in project 'Pods' (no dependencies)

GatherProvisioningInputs

CreateBuildDescription

ExecuteExternalTool /Applications/Xcode.app/Contents/Developer/Toolchains/XcodeDefault.xctoolchain/usr/bin/clang -v -E -dM -arch arm64 -isysroot /Applications/Xcode.app/Contents/Developer/Platforms/MacOSX.platform/Developer/SDKs/MacOSX26.0.sdk -x c -c /dev/null

ExecuteExternalTool /Applications/Xcode.app/Contents/Developer/Toolchains/XcodeDefault.xctoolchain/usr/bin/clang -v -E -dM -isysroot /Applications/Xcode.app/Contents/Developer/Platforms/MacOSX.platform/Developer/SDKs/MacOSX26.0.sdk -x c -c /dev/null

ExecuteExternalTool /Applications/Xcode.app/Contents/Developer/usr/bin/ibtool --version --output-format xml1

ExecuteExternalTool /Applications/Xcode.app/Contents/Developer/usr/bin/actool --version --output-format xml1

ExecuteExternalTool /Applications/Xcode.app/Contents/Developer/Toolchains/XcodeDefault.xctoolchain/usr/bin/swiftc --version

ExecuteExternalTool /Applications/Xcode.app/Contents/Developer/Toolchains/XcodeDefault.xctoolchain/usr/bin/clang -v -E -dM -arch arm64 -isysroot /Applications/Xcode.app/Contents/Developer/Platforms/MacOSX.platform/Developer/SDKs/MacOSX26.0.sdk -x objective-c -c /dev/null

ExecuteExternalTool /Applications/Xcode.app/Contents/Developer/Toolchains/XcodeDefault.xctoolchain/usr/bin/ld -version_details

ExecuteExternalTool /Applications/Xcode.app/Contents/Developer/Toolchains/XcodeDefault.xctoolchain/usr/bin/libtool -V

Build description signature: 70c551a30ad1d48a4155541212a10482
Build description path: /Users/navtej/Library/Developer/Xcode/DerivedData/Runner-hbnzjsawnczecrfautfxhwftzpzw/Build/Intermediates.noindex/XCBuildData/70c551a30ad1d48a4155541212a10482.xcbuilddata
ClangStatCache /Applications/Xcode.app/Contents/Developer/Toolchains/XcodeDefault.xctoolchain/usr/bin/clang-stat-cache /Applications/Xcode.app/Contents/Developer/Platforms/MacOSX.platform/Developer/SDKs/MacOSX26.0.sdk /Users/navtej/Library/Developer/Xcode/DerivedData/SDKStatCaches.noindex/macosx26.0-25A352-28806144b0707e398aac92880fa50324.sdkstatcache
    cd /Users/navtej/work/MovieManager/macos
    /Applications/Xcode.app/Contents/Developer/Toolchains/XcodeDefault.xctoolchain/usr/bin/clang-stat-cache /Applications/Xcode.app/Contents/Developer/Platforms/MacOSX.platform/Developer/SDKs/MacOSX26.0.sdk -o /Users/navtej/Library/Developer/Xcode/DerivedData/SDKStatCaches.noindex/macosx26.0-25A352-28806144b0707e398aac92880fa50324.sdkstatcache

ProcessInfoPlistFile /Users/navtej/Library/Developer/Xcode/DerivedData/Runner-hbnzjsawnczecrfautfxhwftzpzw/Build/Products/Debug/appkit_ui_element_colors/appkit_ui_element_colors_privacy.bundle/Contents/Info.plist /Users/navtej/work/MovieManager/macos/Pods/Target\ Support\ Files/appkit_ui_element_colors/ResourceBundle-appkit_ui_element_colors_privacy-appkit_ui_element_colors-Info.plist (in target 'appkit_ui_element_colors-appkit_ui_element_colors_privacy' from project 'Pods')
    cd /Users/navtej/work/MovieManager/macos/Pods
    builtin-infoPlistUtility /Users/navtej/work/MovieManager/macos/Pods/Target\ Support\ Files/appkit_ui_element_colors/ResourceBundle-appkit_ui_element_colors_privacy-appkit_ui_element_colors-Info.plist -producttype com.apple.product-type.bundle -expandbuildsettings -platform macosx -o /Users/navtej/Library/Developer/Xcode/DerivedData/Runner-hbnzjsawnczecrfautfxhwftzpzw/Build/Products/Debug/appkit_ui_element_colors/appkit_ui_element_colors_privacy.bundle/Contents/Info.plist

WriteAuxiliaryFile /Users/navtej/Library/Developer/Xcode/DerivedData/Runner-hbnzjsawnczecrfautfxhwftzpzw/Build/Intermediates.noindex/Runner.build/Debug/Flutter\ Assemble.build/OutputFileList-33CC111E2044C6BF0003C045-FlutterOutputs-ecc46a1e6315f0294418c78257f99507-resolved.xcfilelist (in target 'Flutter Assemble' from project 'Runner')
    cd /Users/navtej/work/MovieManager/macos
    write-file /Users/navtej/Library/Developer/Xcode/DerivedData/Runner-hbnzjsawnczecrfautfxhwftzpzw/Build/Intermediates.noindex/Runner.build/Debug/Flutter\ Assemble.build/OutputFileList-33CC111E2044C6BF0003C045-FlutterOutputs-ecc46a1e6315f0294418c78257f99507-resolved.xcfilelist

ProcessInfoPlistFile /Users/navtej/Library/Developer/Xcode/DerivedData/Runner-hbnzjsawnczecrfautfxhwftzpzw/Build/Products/Debug/sqlite3/sqlite3.framework/Versions/A/Resources/Info.plist /Users/navtej/work/MovieManager/macos/Pods/Target\ Support\ Files/sqlite3/sqlite3-Info.plist (in target 'sqlite3' from project 'Pods')
    cd /Users/navtej/work/MovieManager/macos/Pods
    builtin-infoPlistUtility /Users/navtej/work/MovieManager/macos/Pods/Target\ Support\ Files/sqlite3/sqlite3-Info.plist -producttype com.apple.product-type.framework -expandbuildsettings -platform macosx -o /Users/navtej/Library/Developer/Xcode/DerivedData/Runner-hbnzjsawnczecrfautfxhwftzpzw/Build/Products/Debug/sqlite3/sqlite3.framework/Versions/A/Resources/Info.plist

ProcessInfoPlistFile /Users/navtej/Library/Developer/Xcode/DerivedData/Runner-hbnzjsawnczecrfautfxhwftzpzw/Build/Products/Debug/url_launcher_macos/url_launcher_macos_privacy.bundle/Contents/Info.plist /Users/navtej/work/MovieManager/macos/Pods/Target\ Support\ Files/url_launcher_macos/ResourceBundle-url_launcher_macos_privacy-url_launcher_macos-Info.plist (in target 'url_launcher_macos-url_launcher_macos_privacy' from project 'Pods')
    cd /Users/navtej/work/MovieManager/macos/Pods
    builtin-infoPlistUtility /Users/navtej/work/MovieManager/macos/Pods/Target\ Support\ Files/url_launcher_macos/ResourceBundle-url_launcher_macos_privacy-url_launcher_macos-Info.plist -producttype com.apple.product-type.bundle -expandbuildsettings -platform macosx -o /Users/navtej/Library/Developer/Xcode/DerivedData/Runner-hbnzjsawnczecrfautfxhwftzpzw/Build/Products/Debug/url_launcher_macos/url_launcher_macos_privacy.bundle/Contents/Info.plist

ProcessInfoPlistFile /Users/navtej/Library/Developer/Xcode/DerivedData/Runner-hbnzjsawnczecrfautfxhwftzpzw/Build/Products/Debug/path_provider_foundation/path_provider_foundation_privacy.bundle/Contents/Info.plist /Users/navtej/work/MovieManager/macos/Pods/Target\ Support\ Files/path_provider_foundation/ResourceBundle-path_provider_foundation_privacy-path_provider_foundation-Info.plist (in target 'path_provider_foundation-path_provider_foundation_privacy' from project 'Pods')
    cd /Users/navtej/work/MovieManager/macos/Pods
    builtin-infoPlistUtility /Users/navtej/work/MovieManager/macos/Pods/Target\ Support\ Files/path_provider_foundation/ResourceBundle-path_provider_foundation_privacy-path_provider_foundation-Info.plist -producttype com.apple.product-type.bundle -expandbuildsettings -platform macosx -o /Users/navtej/Library/Developer/Xcode/DerivedData/Runner-hbnzjsawnczecrfautfxhwftzpzw/Build/Products/Debug/path_provider_foundation/path_provider_foundation_privacy.bundle/Contents/Info.plist

ProcessInfoPlistFile /Users/navtej/Library/Developer/Xcode/DerivedData/Runner-hbnzjsawnczecrfautfxhwftzpzw/Build/Products/Debug/macos_window_utils/macos_window_utils_privacy.bundle/Contents/Info.plist /Users/navtej/work/MovieManager/macos/Pods/Target\ Support\ Files/macos_window_utils/ResourceBundle-macos_window_utils_privacy-macos_window_utils-Info.plist (in target 'macos_window_utils-macos_window_utils_privacy' from project 'Pods')
    cd /Users/navtej/work/MovieManager/macos/Pods
    builtin-infoPlistUtility /Users/navtej/work/MovieManager/macos/Pods/Target\ Support\ Files/macos_window_utils/ResourceBundle-macos_window_utils_privacy-macos_window_utils-Info.plist -producttype com.apple.product-type.bundle -expandbuildsettings -platform macosx -o /Users/navtej/Library/Developer/Xcode/DerivedData/Runner-hbnzjsawnczecrfautfxhwftzpzw/Build/Products/Debug/macos_window_utils/macos_window_utils_privacy.bundle/Contents/Info.plist

ProcessInfoPlistFile /Users/navtej/Library/Developer/Xcode/DerivedData/Runner-hbnzjsawnczecrfautfxhwftzpzw/Build/Products/Debug/macos_ui/macos_ui_privacy.bundle/Contents/Info.plist /Users/navtej/work/MovieManager/macos/Pods/Target\ Support\ Files/macos_ui/ResourceBundle-macos_ui_privacy-macos_ui-Info.plist (in target 'macos_ui-macos_ui_privacy' from project 'Pods')
    cd /Users/navtej/work/MovieManager/macos/Pods
    builtin-infoPlistUtility /Users/navtej/work/MovieManager/macos/Pods/Target\ Support\ Files/macos_ui/ResourceBundle-macos_ui_privacy-macos_ui-Info.plist -producttype com.apple.product-type.bundle -expandbuildsettings -platform macosx -o /Users/navtej/Library/Developer/Xcode/DerivedData/Runner-hbnzjsawnczecrfautfxhwftzpzw/Build/Products/Debug/macos_ui/macos_ui_privacy.bundle/Contents/Info.plist

ProcessInfoPlistFile /Users/navtej/Library/Developer/Xcode/DerivedData/Runner-hbnzjsawnczecrfautfxhwftzpzw/Build/Products/Debug/file_picker/file_picker_privacy.bundle/Contents/Info.plist /Users/navtej/work/MovieManager/macos/Pods/Target\ Support\ Files/file_picker/ResourceBundle-file_picker_privacy-file_picker-Info.plist (in target 'file_picker-file_picker_privacy' from project 'Pods')
    cd /Users/navtej/work/MovieManager/macos/Pods
    builtin-infoPlistUtility /Users/navtej/work/MovieManager/macos/Pods/Target\ Support\ Files/file_picker/ResourceBundle-file_picker_privacy-file_picker-Info.plist -producttype com.apple.product-type.bundle -expandbuildsettings -platform macosx -o /Users/navtej/Library/Developer/Xcode/DerivedData/Runner-hbnzjsawnczecrfautfxhwftzpzw/Build/Products/Debug/file_picker/file_picker_privacy.bundle/Contents/Info.plist

ProcessInfoPlistFile /Users/navtej/Library/Developer/Xcode/DerivedData/Runner-hbnzjsawnczecrfautfxhwftzpzw/Build/Products/Debug/appkit_ui_element_colors/appkit_ui_element_colors.framework/Versions/A/Resources/Info.plist /Users/navtej/work/MovieManager/macos/Pods/Target\ Support\ Files/appkit_ui_element_colors/appkit_ui_element_colors-Info.plist (in target 'appkit_ui_element_colors' from project 'Pods')
    cd /Users/navtej/work/MovieManager/macos/Pods
    builtin-infoPlistUtility /Users/navtej/work/MovieManager/macos/Pods/Target\ Support\ Files/appkit_ui_element_colors/appkit_ui_element_colors-Info.plist -producttype com.apple.product-type.framework -expandbuildsettings -platform macosx -o /Users/navtej/Library/Developer/Xcode/DerivedData/Runner-hbnzjsawnczecrfautfxhwftzpzw/Build/Products/Debug/appkit_ui_element_colors/appkit_ui_element_colors.framework/Versions/A/Resources/Info.plist

CpResource /Users/navtej/Library/Developer/Xcode/DerivedData/Runner-hbnzjsawnczecrfautfxhwftzpzw/Build/Products/Debug/appkit_ui_element_colors/appkit_ui_element_colors.framework/Versions/A/Resources/appkit_ui_element_colors_privacy.bundle /Users/navtej/Library/Developer/Xcode/DerivedData/Runner-hbnzjsawnczecrfautfxhwftzpzw/Build/Products/Debug/appkit_ui_element_colors/appkit_ui_element_colors_privacy.bundle (in target 'appkit_ui_element_colors' from project 'Pods')
    cd /Users/navtej/work/MovieManager/macos/Pods
    builtin-copy -exclude .DS_Store -exclude CVS -exclude .svn -exclude .git -exclude .hg -resolve-src-symlinks /Users/navtej/Library/Developer/Xcode/DerivedData/Runner-hbnzjsawnczecrfautfxhwftzpzw/Build/Products/Debug/appkit_ui_element_colors/appkit_ui_element_colors_privacy.bundle /Users/navtej/Library/Developer/Xcode/DerivedData/Runner-hbnzjsawnczecrfautfxhwftzpzw/Build/Products/Debug/appkit_ui_element_colors/appkit_ui_element_colors.framework/Versions/A/Resources

ProcessInfoPlistFile /Users/navtej/Library/Developer/Xcode/DerivedData/Runner-hbnzjsawnczecrfautfxhwftzpzw/Build/Products/Debug/url_launcher_macos/url_launcher_macos.framework/Versions/A/Resources/Info.plist /Users/navtej/work/MovieManager/macos/Pods/Target\ Support\ Files/url_launcher_macos/url_launcher_macos-Info.plist (in target 'url_launcher_macos' from project 'Pods')
    cd /Users/navtej/work/MovieManager/macos/Pods
    builtin-infoPlistUtility /Users/navtej/work/MovieManager/macos/Pods/Target\ Support\ Files/url_launcher_macos/url_launcher_macos-Info.plist -producttype com.apple.product-type.framework -expandbuildsettings -platform macosx -o /Users/navtej/Library/Developer/Xcode/DerivedData/Runner-hbnzjsawnczecrfautfxhwftzpzw/Build/Products/Debug/url_launcher_macos/url_launcher_macos.framework/Versions/A/Resources/Info.plist

ProcessInfoPlistFile /Users/navtej/Library/Developer/Xcode/DerivedData/Runner-hbnzjsawnczecrfautfxhwftzpzw/Build/Products/Debug/macos_window_utils/macos_window_utils.framework/Versions/A/Resources/Info.plist /Users/navtej/work/MovieManager/macos/Pods/Target\ Support\ Files/macos_window_utils/macos_window_utils-Info.plist (in target 'macos_window_utils' from project 'Pods')
    cd /Users/navtej/work/MovieManager/macos/Pods
    builtin-infoPlistUtility /Users/navtej/work/MovieManager/macos/Pods/Target\ Support\ Files/macos_window_utils/macos_window_utils-Info.plist -producttype com.apple.product-type.framework -expandbuildsettings -platform macosx -o /Users/navtej/Library/Developer/Xcode/DerivedData/Runner-hbnzjsawnczecrfautfxhwftzpzw/Build/Products/Debug/macos_window_utils/macos_window_utils.framework/Versions/A/Resources/Info.plist

ProcessInfoPlistFile /Users/navtej/Library/Developer/Xcode/DerivedData/Runner-hbnzjsawnczecrfautfxhwftzpzw/Build/Products/Debug/macos_ui/macos_ui.framework/Versions/A/Resources/Info.plist /Users/navtej/work/MovieManager/macos/Pods/Target\ Support\ Files/macos_ui/macos_ui-Info.plist (in target 'macos_ui' from project 'Pods')
    cd /Users/navtej/work/MovieManager/macos/Pods
    builtin-infoPlistUtility /Users/navtej/work/MovieManager/macos/Pods/Target\ Support\ Files/macos_ui/macos_ui-Info.plist -producttype com.apple.product-type.framework -expandbuildsettings -platform macosx -o /Users/navtej/Library/Developer/Xcode/DerivedData/Runner-hbnzjsawnczecrfautfxhwftzpzw/Build/Products/Debug/macos_ui/macos_ui.framework/Versions/A/Resources/Info.plist

ProcessInfoPlistFile /Users/navtej/Library/Developer/Xcode/DerivedData/Runner-hbnzjsawnczecrfautfxhwftzpzw/Build/Products/Debug/path_provider_foundation/path_provider_foundation.framework/Versions/A/Resources/Info.plist /Users/navtej/work/MovieManager/macos/Pods/Target\ Support\ Files/path_provider_foundation/path_provider_foundation-Info.plist (in target 'path_provider_foundation' from project 'Pods')
    cd /Users/navtej/work/MovieManager/macos/Pods
    builtin-infoPlistUtility /Users/navtej/work/MovieManager/macos/Pods/Target\ Support\ Files/path_provider_foundation/path_provider_foundation-Info.plist -producttype com.apple.product-type.framework -expandbuildsettings -platform macosx -o /Users/navtej/Library/Developer/Xcode/DerivedData/Runner-hbnzjsawnczecrfautfxhwftzpzw/Build/Products/Debug/path_provider_foundation/path_provider_foundation.framework/Versions/A/Resources/Info.plist

ProcessInfoPlistFile /Users/navtej/Library/Developer/Xcode/DerivedData/Runner-hbnzjsawnczecrfautfxhwftzpzw/Build/Products/Debug/file_picker/file_picker.framework/Versions/A/Resources/Info.plist /Users/navtej/work/MovieManager/macos/Pods/Target\ Support\ Files/file_picker/file_picker-Info.plist (in target 'file_picker' from project 'Pods')
    cd /Users/navtej/work/MovieManager/macos/Pods
    builtin-infoPlistUtility /Users/navtej/work/MovieManager/macos/Pods/Target\ Support\ Files/file_picker/file_picker-Info.plist -producttype com.apple.product-type.framework -expandbuildsettings -platform macosx -o /Users/navtej/Library/Developer/Xcode/DerivedData/Runner-hbnzjsawnczecrfautfxhwftzpzw/Build/Products/Debug/file_picker/file_picker.framework/Versions/A/Resources/Info.plist

CpResource /Users/navtej/Library/Developer/Xcode/DerivedData/Runner-hbnzjsawnczecrfautfxhwftzpzw/Build/Products/Debug/url_launcher_macos/url_launcher_macos.framework/Versions/A/Resources/url_launcher_macos_privacy.bundle /Users/navtej/Library/Developer/Xcode/DerivedData/Runner-hbnzjsawnczecrfautfxhwftzpzw/Build/Products/Debug/url_launcher_macos/url_launcher_macos_privacy.bundle (in target 'url_launcher_macos' from project 'Pods')
    cd /Users/navtej/work/MovieManager/macos/Pods
    builtin-copy -exclude .DS_Store -exclude CVS -exclude .svn -exclude .git -exclude .hg -resolve-src-symlinks /Users/navtej/Library/Developer/Xcode/DerivedData/Runner-hbnzjsawnczecrfautfxhwftzpzw/Build/Products/Debug/url_launcher_macos/url_launcher_macos_privacy.bundle /Users/navtej/Library/Developer/Xcode/DerivedData/Runner-hbnzjsawnczecrfautfxhwftzpzw/Build/Products/Debug/url_launcher_macos/url_launcher_macos.framework/Versions/A/Resources

CpResource /Users/navtej/Library/Developer/Xcode/DerivedData/Runner-hbnzjsawnczecrfautfxhwftzpzw/Build/Products/Debug/macos_window_utils/macos_window_utils.framework/Versions/A/Resources/macos_window_utils_privacy.bundle /Users/navtej/Library/Developer/Xcode/DerivedData/Runner-hbnzjsawnczecrfautfxhwftzpzw/Build/Products/Debug/macos_window_utils/macos_window_utils_privacy.bundle (in target 'macos_window_utils' from project 'Pods')
    cd /Users/navtej/work/MovieManager/macos/Pods
    builtin-copy -exclude .DS_Store -exclude CVS -exclude .svn -exclude .git -exclude .hg -resolve-src-symlinks /Users/navtej/Library/Developer/Xcode/DerivedData/Runner-hbnzjsawnczecrfautfxhwftzpzw/Build/Products/Debug/macos_window_utils/macos_window_utils_privacy.bundle /Users/navtej/Library/Developer/Xcode/DerivedData/Runner-hbnzjsawnczecrfautfxhwftzpzw/Build/Products/Debug/macos_window_utils/macos_window_utils.framework/Versions/A/Resources

CpResource /Users/navtej/Library/Developer/Xcode/DerivedData/Runner-hbnzjsawnczecrfautfxhwftzpzw/Build/Products/Debug/path_provider_foundation/path_provider_foundation.framework/Versions/A/Resources/path_provider_foundation_privacy.bundle /Users/navtej/Library/Developer/Xcode/DerivedData/Runner-hbnzjsawnczecrfautfxhwftzpzw/Build/Products/Debug/path_provider_foundation/path_provider_foundation_privacy.bundle (in target 'path_provider_foundation' from project 'Pods')
    cd /Users/navtej/work/MovieManager/macos/Pods
    builtin-copy -exclude .DS_Store -exclude CVS -exclude .svn -exclude .git -exclude .hg -resolve-src-symlinks /Users/navtej/Library/Developer/Xcode/DerivedData/Runner-hbnzjsawnczecrfautfxhwftzpzw/Build/Products/Debug/path_provider_foundation/path_provider_foundation_privacy.bundle /Users/navtej/Library/Developer/Xcode/DerivedData/Runner-hbnzjsawnczecrfautfxhwftzpzw/Build/Products/Debug/path_provider_foundation/path_provider_foundation.framework/Versions/A/Resources

CpResource /Users/navtej/Library/Developer/Xcode/DerivedData/Runner-hbnzjsawnczecrfautfxhwftzpzw/Build/Products/Debug/macos_ui/macos_ui.framework/Versions/A/Resources/macos_ui_privacy.bundle /Users/navtej/Library/Developer/Xcode/DerivedData/Runner-hbnzjsawnczecrfautfxhwftzpzw/Build/Products/Debug/macos_ui/macos_ui_privacy.bundle (in target 'macos_ui' from project 'Pods')
    cd /Users/navtej/work/MovieManager/macos/Pods
    builtin-copy -exclude .DS_Store -exclude CVS -exclude .svn -exclude .git -exclude .hg -resolve-src-symlinks /Users/navtej/Library/Developer/Xcode/DerivedData/Runner-hbnzjsawnczecrfautfxhwftzpzw/Build/Products/Debug/macos_ui/macos_ui_privacy.bundle /Users/navtej/Library/Developer/Xcode/DerivedData/Runner-hbnzjsawnczecrfautfxhwftzpzw/Build/Products/Debug/macos_ui/macos_ui.framework/Versions/A/Resources

CpResource /Users/navtej/Library/Developer/Xcode/DerivedData/Runner-hbnzjsawnczecrfautfxhwftzpzw/Build/Products/Debug/file_picker/file_picker.framework/Versions/A/Resources/file_picker_privacy.bundle /Users/navtej/Library/Developer/Xcode/DerivedData/Runner-hbnzjsawnczecrfautfxhwftzpzw/Build/Products/Debug/file_picker/file_picker_privacy.bundle (in target 'file_picker' from project 'Pods')
    cd /Users/navtej/work/MovieManager/macos/Pods
    builtin-copy -exclude .DS_Store -exclude CVS -exclude .svn -exclude .git -exclude .hg -resolve-src-symlinks /Users/navtej/Library/Developer/Xcode/DerivedData/Runner-hbnzjsawnczecrfautfxhwftzpzw/Build/Products/Debug/file_picker/file_picker_privacy.bundle /Users/navtej/Library/Developer/Xcode/DerivedData/Runner-hbnzjsawnczecrfautfxhwftzpzw/Build/Products/Debug/file_picker/file_picker.framework/Versions/A/Resources

ProcessInfoPlistFile /Users/navtej/Library/Developer/Xcode/DerivedData/Runner-hbnzjsawnczecrfautfxhwftzpzw/Build/Products/Debug/sqlite3_flutter_libs/sqlite3_flutter_libs.framework/Versions/A/Resources/Info.plist /Users/navtej/work/MovieManager/macos/Pods/Target\ Support\ Files/sqlite3_flutter_libs/sqlite3_flutter_libs-Info.plist (in target 'sqlite3_flutter_libs' from project 'Pods')
    cd /Users/navtej/work/MovieManager/macos/Pods
    builtin-infoPlistUtility /Users/navtej/work/MovieManager/macos/Pods/Target\ Support\ Files/sqlite3_flutter_libs/sqlite3_flutter_libs-Info.plist -producttype com.apple.product-type.framework -expandbuildsettings -platform macosx -o /Users/navtej/Library/Developer/Xcode/DerivedData/Runner-hbnzjsawnczecrfautfxhwftzpzw/Build/Products/Debug/sqlite3_flutter_libs/sqlite3_flutter_libs.framework/Versions/A/Resources/Info.plist

ProcessInfoPlistFile /Users/navtej/Library/Developer/Xcode/DerivedData/Runner-hbnzjsawnczecrfautfxhwftzpzw/Build/Products/Debug/ffmpeg_kit_flutter_new/ffmpeg_kit_flutter_new.framework/Versions/A/Resources/Info.plist /Users/navtej/work/MovieManager/macos/Pods/Target\ Support\ Files/ffmpeg_kit_flutter_new/ffmpeg_kit_flutter_new-Info.plist (in target 'ffmpeg_kit_flutter_new' from project 'Pods')
    cd /Users/navtej/work/MovieManager/macos/Pods
    builtin-infoPlistUtility /Users/navtej/work/MovieManager/macos/Pods/Target\ Support\ Files/ffmpeg_kit_flutter_new/ffmpeg_kit_flutter_new-Info.plist -producttype com.apple.product-type.framework -expandbuildsettings -platform macosx -o /Users/navtej/Library/Developer/Xcode/DerivedData/Runner-hbnzjsawnczecrfautfxhwftzpzw/Build/Products/Debug/ffmpeg_kit_flutter_new/ffmpeg_kit_flutter_new.framework/Versions/A/Resources/Info.plist

PhaseScriptExecution Run\ Script /Users/navtej/Library/Developer/Xcode/DerivedData/Runner-hbnzjsawnczecrfautfxhwftzpzw/Build/Intermediates.noindex/Runner.build/Debug/Flutter\ Assemble.build/Script-33CC111E2044C6BF0003C045.sh (in target 'Flutter Assemble' from project 'Runner')
    cd /Users/navtej/work/MovieManager/macos
    export ACTION\=build
    export AD_HOC_CODE_SIGNING_ALLOWED\=YES
    export ALLOW_BUILD_REQUEST_OVERRIDES\=NO
    export ALLOW_TARGET_PLATFORM_SPECIALIZATION\=NO
    export ALTERNATE_GROUP\=staff
    export ALTERNATE_MODE\=u+w,go-w,a+rX
    export ALTERNATE_OWNER\=navtej
    export ALTERNATIVE_DISTRIBUTION_WEB\=NO
    export ALWAYS_EMBED_SWIFT_STANDARD_LIBRARIES\=YES
    export ALWAYS_SEARCH_USER_PATHS\=NO
    export ALWAYS_USE_SEPARATE_HEADERMAPS\=NO
    export APPLICATION_EXTENSION_API_ONLY\=NO
    export APPLY_RULES_IN_COPY_FILES\=NO
    export APPLY_RULES_IN_COPY_HEADERS\=NO
    export APP_SHORTCUTS_ENABLE_FLEXIBLE_MATCHING\=YES
    export ARCHS\=arm64
    export ARCHS_STANDARD\=arm64\ x86_64
    export ARCHS_STANDARD_32_64_BIT\=arm64\ x86_64\ i386
    export ARCHS_STANDARD_32_BIT\=i386
    export ARCHS_STANDARD_64_BIT\=arm64\ x86_64
    export ARCHS_STANDARD_INCLUDING_64_BIT\=arm64\ x86_64
    export ASSETCATALOG_COMPILER_GENERATE_SWIFT_ASSET_SYMBOL_EXTENSIONS\=YES
    export AUTOMATICALLY_MERGE_DEPENDENCIES\=NO
    export AUTOMATION_APPLE_EVENTS\=NO
    export AVAILABLE_PLATFORMS\=android\ appletvos\ appletvsimulator\ driverkit\ iphoneos\ iphonesimulator\ macosx\ qnx\ watchos\ watchsimulator\ webassembly\ xros\ xrsimulator
    export BUILD_ACTIVE_RESOURCES_ONLY\=NO
    export BUILD_COMPONENTS\=headers\ build
    export BUILD_DIR\=/Users/navtej/Library/Developer/Xcode/DerivedData/Runner-hbnzjsawnczecrfautfxhwftzpzw/Build/Products
    export BUILD_LIBRARY_FOR_DISTRIBUTION\=NO
    export BUILD_ROOT\=/Users/navtej/Library/Developer/Xcode/DerivedData/Runner-hbnzjsawnczecrfautfxhwftzpzw/Build/Products
    export BUILD_STYLE\=
    export BUILD_VARIANTS\=normal
    export BUILT_PRODUCTS_DIR\=/Users/navtej/Library/Developer/Xcode/DerivedData/Runner-hbnzjsawnczecrfautfxhwftzpzw/Build/Products/Debug
    export BUNDLE_CONTENTS_FOLDER_PATH\=Contents/
    export BUNDLE_CONTENTS_FOLDER_PATH_deep\=Contents/
    export BUNDLE_EXECUTABLE_FOLDER_NAME_deep\=MacOS
    export BUNDLE_EXECUTABLE_FOLDER_PATH\=Contents/MacOS
    export BUNDLE_EXTENSIONS_FOLDER_PATH\=Contents/Extensions
    export BUNDLE_FORMAT\=deep
    export BUNDLE_FRAMEWORKS_FOLDER_PATH\=Contents/Frameworks
    export BUNDLE_PLUGINS_FOLDER_PATH\=Contents/PlugIns
    export BUNDLE_PRIVATE_HEADERS_FOLDER_PATH\=Contents/PrivateHeaders
    export BUNDLE_PUBLIC_HEADERS_FOLDER_PATH\=Contents/Headers
    export CACHE_ROOT\=/var/folders/xr/x1d_4lrj30l8s76h23z6mdyh0000gn/C/com.apple.DeveloperTools/26.0.1-17A400/Xcode
    export CCHROOT\=/var/folders/xr/x1d_4lrj30l8s76h23z6mdyh0000gn/C/com.apple.DeveloperTools/26.0.1-17A400/Xcode
    export CHMOD\=/bin/chmod
    export CHOWN\=/usr/sbin/chown
    export CLANG_ANALYZER_NONNULL\=YES
    export CLANG_ANALYZER_NUMBER_OBJECT_CONVERSION\=YES_AGGRESSIVE
    export CLANG_CACHE_FINE_GRAINED_OUTPUTS\=YES
    export CLANG_CXX_LANGUAGE_STANDARD\=gnu++14
    export CLANG_CXX_LIBRARY\=libc++
    export CLANG_ENABLE_EXPLICIT_MODULES\=YES
    export CLANG_ENABLE_MODULES\=YES
    export CLANG_ENABLE_OBJC_ARC\=YES
    export CLANG_MODULES_BUILD_SESSION_FILE\=/Users/navtej/Library/Developer/Xcode/DerivedData/ModuleCache.noindex/Session.modulevalidation
    export CLANG_UNDEFINED_BEHAVIOR_SANITIZER_NULLABILITY\=YES
    export CLANG_WARN_BLOCK_CAPTURE_AUTORELEASING\=YES
    export CLANG_WARN_BOOL_CONVERSION\=YES
    export CLANG_WARN_COMMA\=YES
    export CLANG_WARN_CONSTANT_CONVERSION\=YES
    export CLANG_WARN_DEPRECATED_OBJC_IMPLEMENTATIONS\=YES
    export CLANG_WARN_DIRECT_OBJC_ISA_USAGE\=YES_ERROR
    export CLANG_WARN_DOCUMENTATION_COMMENTS\=YES
    export CLANG_WARN_EMPTY_BODY\=YES
    export CLANG_WARN_ENUM_CONVERSION\=YES
    export CLANG_WARN_INFINITE_RECURSION\=YES
    export CLANG_WARN_INT_CONVERSION\=YES
    export CLANG_WARN_NON_LITERAL_NULL_CONVERSION\=YES
    export CLANG_WARN_OBJC_IMPLICIT_RETAIN_SELF\=YES
    export CLANG_WARN_OBJC_LITERAL_CONVERSION\=YES
    export CLANG_WARN_OBJC_REPEATED_USE_OF_WEAK\=YES
    export CLANG_WARN_OBJC_ROOT_CLASS\=YES_ERROR
    export CLANG_WARN_PRAGMA_PACK\=YES
    export CLANG_WARN_QUOTED_INCLUDE_IN_FRAMEWORK_HEADER\=NO
    export CLANG_WARN_RANGE_LOOP_ANALYSIS\=YES
    export CLANG_WARN_STRICT_PROTOTYPES\=YES
    export CLANG_WARN_SUSPICIOUS_MOVE\=YES
    export CLANG_WARN_UNGUARDED_AVAILABILITY\=YES_AGGRESSIVE
    export CLANG_WARN_UNREACHABLE_CODE\=YES
    export CLANG_WARN__DUPLICATE_METHOD_MATCH\=YES
    export CLASS_FILE_DIR\=/Users/navtej/Library/Developer/Xcode/DerivedData/Runner-hbnzjsawnczecrfautfxhwftzpzw/Build/Intermediates.noindex/Runner.build/Debug/Flutter\ Assemble.build/JavaClasses
    export CLEAN_PRECOMPS\=YES
    export CLONE_HEADERS\=NO
    export COCOAPODS_PARALLEL_CODE_SIGN\=true
    export CODESIGNING_FOLDER_PATH\=/Users/navtej/Library/Developer/Xcode/DerivedData/Runner-hbnzjsawnczecrfautfxhwftzpzw/Build/Products/Debug/
    export CODE_SIGNING_ALLOWED\=NO
    export CODE_SIGNING_REQUIRED\=YES
    export CODE_SIGN_IDENTITY\=-
    export CODE_SIGN_IDENTITY_NO\=Apple\ Development
    export CODE_SIGN_IDENTITY_YES\=-
    export CODE_SIGN_INJECT_BASE_ENTITLEMENTS\=YES
    export CODE_SIGN_STYLE\=Manual
    export COLOR_DIAGNOSTICS\=NO
    export COMBINE_HIDPI_IMAGES\=NO
    export COMPILATION_CACHE_CAS_PATH\=/Users/navtej/Library/Developer/Xcode/DerivedData/CompilationCache.noindex
    export COMPILATION_CACHE_KEEP_CAS_DIRECTORY\=YES
    export COMPILER_INDEX_STORE_ENABLE\=Default
    export COMPOSITE_SDK_DIRS\=/Users/navtej/Library/Developer/Xcode/DerivedData/Runner-hbnzjsawnczecrfautfxhwftzpzw/Build/Intermediates.noindex/CompositeSDKs
    export COMPRESS_PNG_FILES\=NO
    export CONFIGURATION\=Debug
    export CONFIGURATION_BUILD_DIR\=/Users/navtej/Library/Developer/Xcode/DerivedData/Runner-hbnzjsawnczecrfautfxhwftzpzw/Build/Products/Debug
    export CONFIGURATION_TEMP_DIR\=/Users/navtej/Library/Developer/Xcode/DerivedData/Runner-hbnzjsawnczecrfautfxhwftzpzw/Build/Intermediates.noindex/Runner.build/Debug
    export COPYING_PRESERVES_HFS_DATA\=NO
    export COPY_HEADERS_RUN_UNIFDEF\=NO
    export COPY_PHASE_STRIP\=NO
    export CP\=/bin/cp
    export CREATE_INFOPLIST_SECTION_IN_BINARY\=NO
    export CURRENT_ARCH\=undefined_arch
    export CURRENT_VARIANT\=normal
    export DART_DEFINES\=RkxVVFRFUl9WRVJTSU9OPTMuMzguNQ\=\=,RkxVVFRFUl9DSEFOTkVMPXN0YWJsZQ\=\=,RkxVVFRFUl9HSVRfVVJMPWh0dHBzOi8vZ2l0aHViLmNvbS9mbHV0dGVyL2ZsdXR0ZXIuZ2l0,RkxVVFRFUl9GUkFNRVdPUktfUkVWSVNJT049ZjZmZjE1MjlmZA\=\=,RkxVVFRFUl9FTkdJTkVfUkVWSVNJT049MTUyN2FlMGVjNQ\=\=,RkxVVFRFUl9EQVJUX1ZFUlNJT049My4xMC40
    export DART_OBFUSCATION\=false
    export DEAD_CODE_STRIPPING\=YES
    export DEBUGGING_SYMBOLS\=YES
    export DEBUG_INFORMATION_FORMAT\=dwarf
    export DEBUG_INFORMATION_VERSION\=compiler-default
    export DEFAULT_COMPILER\=com.apple.compilers.llvm.clang.1_0
    export DEFAULT_DEXT_INSTALL_PATH\=/System/Library/DriverExtensions
    export DEFAULT_KEXT_INSTALL_PATH\=/System/Library/Extensions
    export DEFINES_MODULE\=NO
    export DEPLOYMENT_LOCATION\=NO
    export DEPLOYMENT_POSTPROCESSING\=NO
    export DEPLOYMENT_TARGET_SETTING_NAME\=MACOSX_DEPLOYMENT_TARGET
    export DEPLOYMENT_TARGET_SUGGESTED_VALUES\=10.13\ 10.14\ 10.15\ 11.0\ 11.1\ 11.2\ 11.3\ 11.4\ 11.5\ 12.0\ 12.2\ 12.3\ 12.4\ 13.0\ 13.1\ 13.2\ 13.3\ 13.4\ 13.5\ 14.0\ 14.1\ 14.2\ 14.3\ 14.4\ 14.5\ 14.6\ 15.0\ 15.1\ 15.2\ 15.3\ 15.4\ 15.5\ 15.6\ 26.0
    export DERIVED_FILES_DIR\=/Users/navtej/Library/Developer/Xcode/DerivedData/Runner-hbnzjsawnczecrfautfxhwftzpzw/Build/Intermediates.noindex/Runner.build/Debug/Flutter\ Assemble.build/DerivedSources
    export DERIVED_FILE_DIR\=/Users/navtej/Library/Developer/Xcode/DerivedData/Runner-hbnzjsawnczecrfautfxhwftzpzw/Build/Intermediates.noindex/Runner.build/Debug/Flutter\ Assemble.build/DerivedSources
    export DERIVED_SOURCES_DIR\=/Users/navtej/Library/Developer/Xcode/DerivedData/Runner-hbnzjsawnczecrfautfxhwftzpzw/Build/Intermediates.noindex/Runner.build/Debug/Flutter\ Assemble.build/DerivedSources
    export DEVELOPER_APPLICATIONS_DIR\=/Applications/Xcode.app/Contents/Developer/Applications
    export DEVELOPER_BIN_DIR\=/Applications/Xcode.app/Contents/Developer/usr/bin
    export DEVELOPER_DIR\=/Applications/Xcode.app/Contents/Developer
    export DEVELOPER_FRAMEWORKS_DIR\=/Applications/Xcode.app/Contents/Developer/Library/Frameworks
    export DEVELOPER_FRAMEWORKS_DIR_QUOTED\=/Applications/Xcode.app/Contents/Developer/Library/Frameworks
    export DEVELOPER_LIBRARY_DIR\=/Applications/Xcode.app/Contents/Developer/Library
    export DEVELOPER_SDK_DIR\=/Applications/Xcode.app/Contents/Developer/Platforms/MacOSX.platform/Developer/SDKs
    export DEVELOPER_TOOLS_DIR\=/Applications/Xcode.app/Contents/Developer/Tools
    export DEVELOPER_USR_DIR\=/Applications/Xcode.app/Contents/Developer/usr
    export DEVELOPMENT_LANGUAGE\=en
    export DIAGNOSE_MISSING_TARGET_DEPENDENCIES\=YES
    export DIFF\=/usr/bin/diff
    export DONT_GENERATE_INFOPLIST_FILE\=NO
    export DSTROOT\=/tmp/Runner.dst
    export DT_TOOLCHAIN_DIR\=/Applications/Xcode.app/Contents/Developer/Toolchains/XcodeDefault.xctoolchain
    export DWARF_DSYM_FILE_NAME\=.dSYM
    export DWARF_DSYM_FILE_SHOULD_ACCOMPANY_PRODUCT\=NO
    export DWARF_DSYM_FOLDER_PATH\=/Users/navtej/Library/Developer/Xcode/DerivedData/Runner-hbnzjsawnczecrfautfxhwftzpzw/Build/Products/Debug
    export DYNAMIC_LIBRARY_EXTENSION\=dylib
    export EAGER_COMPILATION_ALLOW_SCRIPTS\=NO
    export EAGER_LINKING\=NO
    export EMBEDDED_CONTENT_CONTAINS_SWIFT\=NO
    export EMBEDDED_PROFILE_NAME\=embedded.provisionprofile
    export EMBED_ASSET_PACKS_IN_PRODUCT_BUNDLE\=NO
    export ENABLE_APP_SANDBOX\=NO
    export ENABLE_CODE_COVERAGE\=YES
    export ENABLE_CPLUSPLUS_BOUNDS_SAFE_BUFFERS\=NO
    export ENABLE_C_BOUNDS_SAFETY\=NO
    export ENABLE_DEBUG_DYLIB\=NO
    export ENABLE_DEFAULT_HEADER_SEARCH_PATHS\=YES
    export ENABLE_DEFAULT_SEARCH_PATHS\=YES
    export ENABLE_ENHANCED_SECURITY\=NO
    export ENABLE_HARDENED_RUNTIME\=NO
    export ENABLE_HEADER_DEPENDENCIES\=YES
    export ENABLE_INCOMING_NETWORK_CONNECTIONS\=NO
    export ENABLE_ON_DEMAND_RESOURCES\=NO
    export ENABLE_OUTGOING_NETWORK_CONNECTIONS\=NO
    export ENABLE_POINTER_AUTHENTICATION\=NO
    export ENABLE_PREVIEWS\=NO
    export ENABLE_RESOURCE_ACCESS_AUDIO_INPUT\=NO
    export ENABLE_RESOURCE_ACCESS_BLUETOOTH\=NO
    export ENABLE_RESOURCE_ACCESS_CALENDARS\=NO
    export ENABLE_RESOURCE_ACCESS_CAMERA\=NO
    export ENABLE_RESOURCE_ACCESS_CONTACTS\=NO
    export ENABLE_RESOURCE_ACCESS_LOCATION\=NO
    export ENABLE_RESOURCE_ACCESS_PHOTO_LIBRARY\=NO
    export ENABLE_RESOURCE_ACCESS_PRINTING\=NO
    export ENABLE_RESOURCE_ACCESS_USB\=NO
    export ENABLE_SDK_IMPORTS\=NO
    export ENABLE_SECURITY_COMPILER_WARNINGS\=NO
    export ENABLE_STRICT_OBJC_MSGSEND\=YES
    export ENABLE_TESTABILITY\=YES
    export ENABLE_TESTING_SEARCH_PATHS\=NO
    export ENABLE_USER_SCRIPT_SANDBOXING\=NO
    export ENABLE_XOJIT_PREVIEWS\=NO
    export ENFORCE_VALID_ARCHS\=YES
    export ENTITLEMENTS_DESTINATION\=Signature
    export ENTITLEMENTS_REQUIRED\=YES
    export EXCLUDED_INSTALLSRC_SUBDIRECTORY_PATTERNS\=.DS_Store\ .svn\ .git\ .hg\ CVS
    export EXCLUDED_RECURSIVE_SEARCH_PATH_SUBDIRECTORIES\=\*.nib\ \*.lproj\ \*.framework\ \*.gch\ \*.xcode\*\ \*.xcassets\ \*.icon\ \(\*\)\ .DS_Store\ CVS\ .svn\ .git\ .hg\ \*.pbproj\ \*.pbxproj
    export FILE_LIST\=/Users/navtej/Library/Developer/Xcode/DerivedData/Runner-hbnzjsawnczecrfautfxhwftzpzw/Build/Intermediates.noindex/Runner.build/Debug/Flutter\ Assemble.build/Objects/LinkFileList
    export FIXED_FILES_DIR\=/Users/navtej/Library/Developer/Xcode/DerivedData/Runner-hbnzjsawnczecrfautfxhwftzpzw/Build/Intermediates.noindex/Runner.build/Debug/Flutter\ Assemble.build/FixedFiles
    export FLUTTER_APPLICATION_PATH\=/Users/navtej/work/MovieManager
    export FLUTTER_BUILD_DIR\=build
    export FLUTTER_BUILD_NAME\=1.0.0
    export FLUTTER_BUILD_NUMBER\=1
    export FLUTTER_ROOT\=/opt/homebrew/share/flutter
    export FLUTTER_TARGET\=lib/main.dart
    export FRAMEWORK_SEARCH_PATHS\=\ \"/Users/navtej/Library/Developer/Xcode/DerivedData/Runner-hbnzjsawnczecrfautfxhwftzpzw/Build/Products/Debug/appkit_ui_element_colors\"\ \"/Users/navtej/Library/Developer/Xcode/DerivedData/Runner-hbnzjsawnczecrfautfxhwftzpzw/Build/Products/Debug/ffmpeg_kit_flutter_new\"\ \"/Users/navtej/Library/Developer/Xcode/DerivedData/Runner-hbnzjsawnczecrfautfxhwftzpzw/Build/Products/Debug/file_picker\"\ \"/Users/navtej/Library/Developer/Xcode/DerivedData/Runner-hbnzjsawnczecrfautfxhwftzpzw/Build/Products/Debug/macos_ui\"\ \"/Users/navtej/Library/Developer/Xcode/DerivedData/Runner-hbnzjsawnczecrfautfxhwftzpzw/Build/Products/Debug/macos_window_utils\"\ \"/Users/navtej/Library/Developer/Xcode/DerivedData/Runner-hbnzjsawnczecrfautfxhwftzpzw/Build/Products/Debug/path_provider_foundation\"\ \"/Users/navtej/Library/Developer/Xcode/DerivedData/Runner-hbnzjsawnczecrfautfxhwftzpzw/Build/Products/Debug/sqlite3\"\ \"/Users/navtej/Library/Developer/Xcode/DerivedData/Runner-hbnzjsawnczecrfautfxhwftzpzw/Build/Products/Debug/sqlite3_flutter_libs\"\ \"/Users/navtej/Library/Developer/Xcode/DerivedData/Runner-hbnzjsawnczecrfautfxhwftzpzw/Build/Products/Debug/url_launcher_macos\"\ \"/Users/navtej/work/MovieManager/macos/Pods/../Flutter/ephemeral/.symlinks/plugins/ffmpeg_kit_flutter_new/macos/Frameworks\"
    export FRAMEWORK_VERSION\=A
    export FUSE_BUILD_PHASES\=YES
    export FUSE_BUILD_SCRIPT_PHASES\=NO
    export GCC3_VERSION\=3.3
    export GCC_C_LANGUAGE_STANDARD\=gnu11
    export GCC_DYNAMIC_NO_PIC\=NO
    export GCC_NO_COMMON_BLOCKS\=YES
    export GCC_OPTIMIZATION_LEVEL\=0
    export GCC_PFE_FILE_C_DIALECTS\=c\ objective-c\ c++\ objective-c++
    export GCC_PREPROCESSOR_DEFINITIONS\=DEBUG\=1\ \ COCOAPODS\=1
    export GCC_TREAT_WARNINGS_AS_ERRORS\=NO
    export GCC_VERSION\=com.apple.compilers.llvm.clang.1_0
    export GCC_VERSION_IDENTIFIER\=com_apple_compilers_llvm_clang_1_0
    export GCC_WARN_64_TO_32_BIT_CONVERSION\=YES
    export GCC_WARN_ABOUT_RETURN_TYPE\=YES_ERROR
    export GCC_WARN_SHADOW\=YES
    export GCC_WARN_STRICT_SELECTOR_MATCH\=YES
    export GCC_WARN_UNDECLARED_SELECTOR\=YES
    export GCC_WARN_UNINITIALIZED_AUTOS\=YES_AGGRESSIVE
    export GCC_WARN_UNUSED_FUNCTION\=YES
    export GCC_WARN_UNUSED_VARIABLE\=YES
    export GENERATED_MODULEMAP_DIR\=/Users/navtej/Library/Developer/Xcode/DerivedData/Runner-hbnzjsawnczecrfautfxhwftzpzw/Build/Intermediates.noindex/GeneratedModuleMaps
    export GENERATE_INFOPLIST_FILE\=NO
    export GENERATE_INTERMEDIATE_TEXT_BASED_STUBS\=YES
    export GENERATE_PKGINFO_FILE\=NO
    export GENERATE_PRELINK_OBJECT_FILE\=NO
    export GENERATE_PROFILING_CODE\=NO
    export GENERATE_TEXT_BASED_STUBS\=NO
    export GID\=20
    export GROUP\=staff
    export HEADERMAP_INCLUDES_FLAT_ENTRIES_FOR_TARGET_BEING_BUILT\=YES
    export HEADERMAP_INCLUDES_FRAMEWORK_ENTRIES_FOR_ALL_PRODUCT_TYPES\=YES
    export HEADERMAP_INCLUDES_FRAMEWORK_ENTRIES_FOR_TARGETS_NOT_BEING_BUILT\=YES
    export HEADERMAP_INCLUDES_NONPUBLIC_NONPRIVATE_HEADERS\=YES
    export HEADERMAP_INCLUDES_PROJECT_HEADERS\=YES
    export HEADERMAP_USES_FRAMEWORK_PREFIX_ENTRIES\=YES
    export HEADERMAP_USES_VFS\=NO
    export HEADER_SEARCH_PATHS\=\ \"/Users/navtej/Library/Developer/Xcode/DerivedData/Runner-hbnzjsawnczecrfautfxhwftzpzw/Build/Products/Debug/appkit_ui_element_colors/appkit_ui_element_colors.framework/Headers\"\ \"/Users/navtej/Library/Developer/Xcode/DerivedData/Runner-hbnzjsawnczecrfautfxhwftzpzw/Build/Products/Debug/ffmpeg_kit_flutter_new/ffmpeg_kit_flutter_new.framework/Headers\"\ \"/Users/navtej/Library/Developer/Xcode/DerivedData/Runner-hbnzjsawnczecrfautfxhwftzpzw/Build/Products/Debug/file_picker/file_picker.framework/Headers\"\ \"/Users/navtej/Library/Developer/Xcode/DerivedData/Runner-hbnzjsawnczecrfautfxhwftzpzw/Build/Products/Debug/macos_ui/macos_ui.framework/Headers\"\ \"/Users/navtej/Library/Developer/Xcode/DerivedData/Runner-hbnzjsawnczecrfautfxhwftzpzw/Build/Products/Debug/macos_window_utils/macos_window_utils.framework/Headers\"\ \"/Users/navtej/Library/Developer/Xcode/DerivedData/Runner-hbnzjsawnczecrfautfxhwftzpzw/Build/Products/Debug/path_provider_foundation/path_provider_foundation.framework/Headers\"\ \"/Users/navtej/Library/Developer/Xcode/DerivedData/Runner-hbnzjsawnczecrfautfxhwftzpzw/Build/Products/Debug/sqlite3/sqlite3.framework/Headers\"\ \"/Users/navtej/Library/Developer/Xcode/DerivedData/Runner-hbnzjsawnczecrfautfxhwftzpzw/Build/Products/Debug/sqlite3_flutter_libs/sqlite3_flutter_libs.framework/Headers\"\ \"/Users/navtej/Library/Developer/Xcode/DerivedData/Runner-hbnzjsawnczecrfautfxhwftzpzw/Build/Products/Debug/url_launcher_macos/url_launcher_macos.framework/Headers\"
    export HOME\=/Users/navtej
    export HOST_ARCH\=arm64
    export HOST_PLATFORM\=macosx
    export ICONV\=/usr/bin/iconv
    export IMPLICIT_DEPENDENCY_DOMAIN\=default
    export INFOPLIST_ENABLE_CFBUNDLEICONS_MERGE\=YES
    export INFOPLIST_EXPAND_BUILD_SETTINGS\=YES
    export INFOPLIST_OUTPUT_FORMAT\=same-as-input
    export INFOPLIST_PREPROCESS\=NO
    export INLINE_PRIVATE_FRAMEWORKS\=NO
    export INSTALLAPI_IGNORE_SKIP_INSTALL\=YES
    export INSTALLHDRS_COPY_PHASE\=NO
    export INSTALLHDRS_SCRIPT_PHASE\=NO
    export INSTALL_DIR\=/tmp/Runner.dst
    export INSTALL_GROUP\=staff
    export INSTALL_MODE_FLAG\=u+w,go-w,a+rX
    export INSTALL_OWNER\=navtej
    export INSTALL_ROOT\=/tmp/Runner.dst
    export IOS_UNZIPPERED_TWIN_PREFIX_PATH\=/System/iOSSupport
    export IS_MACCATALYST\=NO
    export IS_UNOPTIMIZED_BUILD\=YES
    export JAVAC_DEFAULT_FLAGS\=-J-Xms64m\ -J-XX:NewSize\=4M\ -J-Dfile.encoding\=UTF8
    export JAVA_APP_STUB\=/System/Library/Frameworks/JavaVM.framework/Resources/MacOS/JavaApplicationStub
    export JAVA_ARCHIVE_CLASSES\=YES
    export JAVA_ARCHIVE_TYPE\=JAR
    export JAVA_COMPILER\=/usr/bin/javac
    export JAVA_FRAMEWORK_RESOURCES_DIRS\=Resources
    export JAVA_JAR_FLAGS\=cv
    export JAVA_SOURCE_SUBDIR\=.
    export JAVA_USE_DEPENDENCIES\=YES
    export JAVA_ZIP_FLAGS\=-urg
    export JIKES_DEFAULT_FLAGS\=+E\ +OLDCSO
    export KASAN_CFLAGS_CLASSIC\=-DKASAN\=1\ -DKASAN_CLASSIC\=1\ -fsanitize\=address\ -mllvm\ -asan-globals-live-support\ -mllvm\ -asan-force-dynamic-shadow
    export KASAN_CFLAGS_TBI\=-DKASAN\=1\ -DKASAN_TBI\=1\ -fsanitize\=kernel-hwaddress\ -mllvm\ -hwasan-recover\=0\ -mllvm\ -hwasan-instrument-atomics\=0\ -mllvm\ -hwasan-instrument-stack\=1\ -mllvm\ -hwasan-generate-tags-with-calls\=1\ -mllvm\ -hwasan-instrument-with-calls\=1\ -mllvm\ -hwasan-use-short-granules\=0\ -mllvm\ -hwasan-memory-access-callback-prefix\=__asan_
    export KASAN_DEFAULT_CFLAGS\=-DKASAN\=1\ -DKASAN_CLASSIC\=1\ -fsanitize\=address\ -mllvm\ -asan-globals-live-support\ -mllvm\ -asan-force-dynamic-shadow
    export KEEP_PRIVATE_EXTERNS\=NO
    export LD_DEPENDENCY_INFO_FILE\=/Users/navtej/Library/Developer/Xcode/DerivedData/Runner-hbnzjsawnczecrfautfxhwftzpzw/Build/Intermediates.noindex/Runner.build/Debug/Flutter\ Assemble.build/Objects-normal/undefined_arch/Flutter\ Assemble_dependency_info.dat
    export LD_EXPORT_SYMBOLS\=YES
    export LD_GENERATE_MAP_FILE\=NO
    export LD_MAP_FILE_PATH\=/Users/navtej/Library/Developer/Xcode/DerivedData/Runner-hbnzjsawnczecrfautfxhwftzpzw/Build/Intermediates.noindex/Runner.build/Debug/Flutter\ Assemble.build/Flutter\ Assemble-LinkMap-normal-undefined_arch.txt
    export LD_NO_PIE\=NO
    export LD_QUOTE_LINKER_ARGUMENTS_FOR_COMPILER_DRIVER\=YES
    export LD_RUNPATH_SEARCH_PATHS\=\ /usr/lib/swift\ \'@executable_path/../Frameworks\'\ \'@loader_path/Frameworks\'\ \"/Applications/Xcode.app/Contents/Developer/Toolchains/XcodeDefault.xctoolchain/usr/lib/swift/macosx\"
    export LD_SHARED_CACHE_ELIGIBLE\=Automatic
    export LD_WARN_DUPLICATE_LIBRARIES\=NO
    export LD_WARN_UNUSED_DYLIBS\=NO
    export LEGACY_DEVELOPER_DIR\=/Applications/Xcode.app/Contents/PlugIns/Xcode3Core.ideplugin/Contents/SharedSupport/Developer
    export LEX\=lex
    export LIBRARY_DEXT_INSTALL_PATH\=/Library/DriverExtensions
    export LIBRARY_FLAG_NOSPACE\=YES
    export LIBRARY_KEXT_INSTALL_PATH\=/Library/Extensions
    export LIBRARY_SEARCH_PATHS\=\ \"/Applications/Xcode.app/Contents/Developer/Toolchains/XcodeDefault.xctoolchain/usr/lib/swift/macosx\"\ /usr/lib/swift
    export LINKER_DISPLAYS_MANGLED_NAMES\=NO
    export LINK_FILE_LIST_normal_arm64\=/Users/navtej/Library/Developer/Xcode/DerivedData/Runner-hbnzjsawnczecrfautfxhwftzpzw/Build/Intermediates.noindex/Runner.build/Debug/Flutter\ Assemble.build/Objects-normal/arm64/Flutter\ Assemble.LinkFileList
    export LINK_OBJC_RUNTIME\=YES
    export LINK_WITH_STANDARD_LIBRARIES\=YES
    export LLVM_TARGET_TRIPLE_OS_VERSION\=macos15.0
    export LLVM_TARGET_TRIPLE_OS_VERSION_NO\=macos15.0
    export LLVM_TARGET_TRIPLE_OS_VERSION_YES\=macos26.0
    export LLVM_TARGET_TRIPLE_VENDOR\=apple
    export LM_AUX_CONST_METADATA_LIST_PATH_normal_arm64\=/Users/navtej/Library/Developer/Xcode/DerivedData/Runner-hbnzjsawnczecrfautfxhwftzpzw/Build/Intermediates.noindex/Runner.build/Debug/Flutter\ Assemble.build/Objects-normal/arm64/Flutter\ Assemble.SwiftConstValuesFileList
    export LOCALIZATION_EXPORT_SUPPORTED\=YES
    export LOCALIZATION_PREFERS_STRING_CATALOGS\=NO
    export LOCALIZED_STRING_MACRO_NAMES\=NSLocalizedString\ CFCopyLocalizedString
    export LOCALIZED_STRING_SWIFTUI_SUPPORT\=YES
    export LOCAL_ADMIN_APPS_DIR\=/Applications/Utilities
    export LOCAL_APPS_DIR\=/Applications
    export LOCAL_DEVELOPER_DIR\=/Library/Developer
    export LOCAL_LIBRARY_DIR\=/Library
    export LOCROOT\=/Users/navtej/work/MovieManager/macos
    export LOCSYMROOT\=/Users/navtej/work/MovieManager/macos
    export MACOSX_DEPLOYMENT_TARGET\=15.0
    export MAC_OS_X_PRODUCT_BUILD_VERSION\=25C56
    export MAC_OS_X_VERSION_ACTUAL\=260200
    export MAC_OS_X_VERSION_MAJOR\=260000
    export MAC_OS_X_VERSION_MINOR\=260200
    export MAKE_MERGEABLE\=NO
    export MERGEABLE_LIBRARY\=NO
    export MERGED_BINARY_TYPE\=none
    export MERGE_LINKED_LIBRARIES\=NO
    export METAL_LIBRARY_FILE_BASE\=default
    export METAL_LIBRARY_OUTPUT_DIR\=/Users/navtej/Library/Developer/Xcode/DerivedData/Runner-hbnzjsawnczecrfautfxhwftzpzw/Build/Products/Debug/
    export MODULE_CACHE_DIR\=/Users/navtej/Library/Developer/Xcode/DerivedData/ModuleCache.noindex
    export MTL_ENABLE_DEBUG_INFO\=YES
    export NATIVE_ARCH\=arm64
    export NATIVE_ARCH_32_BIT\=arm
    export NATIVE_ARCH_64_BIT\=arm64
    export NATIVE_ARCH_ACTUAL\=arm64
    export NO_COMMON\=YES
    export OBJECT_FILE_DIR\=/Users/navtej/Library/Developer/Xcode/DerivedData/Runner-hbnzjsawnczecrfautfxhwftzpzw/Build/Intermediates.noindex/Runner.build/Debug/Flutter\ Assemble.build/Objects
    export OBJECT_FILE_DIR_normal\=/Users/navtej/Library/Developer/Xcode/DerivedData/Runner-hbnzjsawnczecrfautfxhwftzpzw/Build/Intermediates.noindex/Runner.build/Debug/Flutter\ Assemble.build/Objects-normal
    export OBJROOT\=/Users/navtej/Library/Developer/Xcode/DerivedData/Runner-hbnzjsawnczecrfautfxhwftzpzw/Build/Intermediates.noindex
    export ONLY_ACTIVE_ARCH\=YES
    export OS\=MACOS
    export OSAC\=/usr/bin/osacompile
    export OTHER_LDFLAGS\=\ -ObjC\ -l\"bz2\"\ -l\"c++\"\ -l\"iconv\"\ -l\"z\"\ -framework\ \"AudioToolbox\"\ -framework\ \"CoreMedia\"\ -framework\ \"appkit_ui_element_colors\"\ -framework\ \"ffmpeg_kit_flutter_new\"\ -framework\ \"ffmpegkit\"\ -framework\ \"file_picker\"\ -framework\ \"libavcodec\"\ -framework\ \"libavdevice\"\ -framework\ \"libavfilter\"\ -framework\ \"libavformat\"\ -framework\ \"libavutil\"\ -framework\ \"libswresample\"\ -framework\ \"libswscale\"\ -framework\ \"macos_ui\"\ -framework\ \"macos_window_utils\"\ -framework\ \"path_provider_foundation\"\ -framework\ \"sqlite3\"\ -framework\ \"sqlite3_flutter_libs\"\ -framework\ \"url_launcher_macos\"
    export OTHER_MODULE_VERIFIER_FLAGS\=\ \"-F/Users/navtej/Library/Developer/Xcode/DerivedData/Runner-hbnzjsawnczecrfautfxhwftzpzw/Build/Products/Debug/FlutterMacOS\"\ \"-F/Users/navtej/Library/Developer/Xcode/DerivedData/Runner-hbnzjsawnczecrfautfxhwftzpzw/Build/Products/Debug/appkit_ui_element_colors\"\ \"-F/Users/navtej/Library/Developer/Xcode/DerivedData/Runner-hbnzjsawnczecrfautfxhwftzpzw/Build/Products/Debug/ffmpeg_kit_flutter_new\"\ \"-F/Users/navtej/Library/Developer/Xcode/DerivedData/Runner-hbnzjsawnczecrfautfxhwftzpzw/Build/Products/Debug/file_picker\"\ \"-F/Users/navtej/Library/Developer/Xcode/DerivedData/Runner-hbnzjsawnczecrfautfxhwftzpzw/Build/Products/Debug/macos_ui\"\ \"-F/Users/navtej/Library/Developer/Xcode/DerivedData/Runner-hbnzjsawnczecrfautfxhwftzpzw/Build/Products/Debug/macos_window_utils\"\ \"-F/Users/navtej/Library/Developer/Xcode/DerivedData/Runner-hbnzjsawnczecrfautfxhwftzpzw/Build/Products/Debug/path_provider_foundation\"\ \"-F/Users/navtej/Library/Developer/Xcode/DerivedData/Runner-hbnzjsawnczecrfautfxhwftzpzw/Build/Products/Debug/sqlite3\"\ \"-F/Users/navtej/Library/Developer/Xcode/DerivedData/Runner-hbnzjsawnczecrfautfxhwftzpzw/Build/Products/Debug/sqlite3_flutter_libs\"\ \"-F/Users/navtej/Library/Developer/Xcode/DerivedData/Runner-hbnzjsawnczecrfautfxhwftzpzw/Build/Products/Debug/url_launcher_macos\"
    export OTHER_SWIFT_FLAGS\=\ -D\ COCOAPODS
    export PACKAGE_CONFIG\=/Users/navtej/work/MovieManager/.dart_tool/package_config.json
    export PASCAL_STRINGS\=YES
    export PATH\=/Applications/Xcode.app/Contents/SharedFrameworks/SwiftBuild.framework/Versions/A/PlugIns/SWBBuildService.bundle/Contents/PlugIns/SWBUniversalPlatformPlugin.bundle/Contents/Frameworks/SWBUniversalPlatform.framework/Resources:/Applications/Xcode.app/Contents/Developer/Toolchains/XcodeDefault.xctoolchain/usr/bin:/Applications/Xcode.app/Contents/Developer/Toolchains/XcodeDefault.xctoolchain/usr/local/bin:/Applications/Xcode.app/Contents/Developer/Toolchains/XcodeDefault.xctoolchain/usr/libexec:/Applications/Xcode.app/Contents/Developer/Platforms/MacOSX.platform/usr/bin:/Applications/Xcode.app/Contents/Developer/Platforms/MacOSX.platform/usr/local/bin:/Applications/Xcode.app/Contents/Developer/Platforms/MacOSX.platform/Developer/usr/bin:/Applications/Xcode.app/Contents/Developer/Platforms/MacOSX.platform/Developer/usr/local/bin:/Applications/Xcode.app/Contents/Developer/usr/bin:/Applications/Xcode.app/Contents/Developer/usr/local/bin:/Users/navtej/.antigravity/antigravity/bin:/opt/homebrew/opt/cpio/bin:/opt/homebrew/opt/ssh-copy-id/bin:/opt/homebrew/opt/openjdk/bin:/opt/homebrew/bin:/opt/homebrew/sbin:/opt/homebrew/opt/coreutils/libexec/gnubin:/opt/homebrew/opt/findutils/libexec/gnubin:/opt/homebrew/opt/grep/libexec/gnubin:/opt/homebrew/opt/gnu-tar/libexec/gnubin:/opt/homebrew/opt/gnu-sed/libexec/gnubin:/opt/homebrew/opt/gnu-indent/libexec/gnubin:/opt/homebrew/opt/bison/bin:/opt/homebrew/opt/flex/bin:/opt/homebrew/opt/libressl/bin:/opt/homebrew/opt/file-formula/bin:/opt/homebrew/opt/ed/bin:/opt/homebrew/opt/ed/libexec/gnubin:/opt/homebrew/opt/binutils/bin:/opt/homebrew/opt/gnu-getopt/bin:/usr/local/bin:/usr/bin:/bin:/usr/sbin:/sbin:/opt/homebrew/Cellar/zplug/2.4.2/bin:/opt/homebrew/opt/zplug/bin:/System/Cryptexes/App/usr/bin:/var/run/com.apple.security.cryptexd/codex.system/bootstrap/usr/local/bin:/var/run/com.apple.security.cryptexd/codex.system/bootstrap/usr/bin:/var/run/com.apple.security.cryptexd/codex.system/bootstrap/usr/appleinternal/bin:/opt/pmk/env/global/bin:/Library/Apple/usr/bin:/usr/local/MacGPG2/bin:/Applications/Wireshark.app/Contents/MacOS:/Users/navtej/.cargo/bin:/Users/navtej/.local/bin:/opt/homebrew/opt/fzf/bin:/Users/navtej/.cache/lm-studio/bin
    export PATH_PREFIXES_EXCLUDED_FROM_HEADER_DEPENDENCIES\=/usr/include\ /usr/local/include\ /System/Library/Frameworks\ /System/Library/PrivateFrameworks\ /Applications/Xcode.app/Contents/Developer/Headers\ /Applications/Xcode.app/Contents/Developer/SDKs\ /Applications/Xcode.app/Contents/Developer/Platforms
    export PER_ARCH_MODULE_FILE_DIR\=/Users/navtej/Library/Developer/Xcode/DerivedData/Runner-hbnzjsawnczecrfautfxhwftzpzw/Build/Intermediates.noindex/Runner.build/Debug/Flutter\ Assemble.build/Objects-normal/undefined_arch
    export PER_ARCH_OBJECT_FILE_DIR\=/Users/navtej/Library/Developer/Xcode/DerivedData/Runner-hbnzjsawnczecrfautfxhwftzpzw/Build/Intermediates.noindex/Runner.build/Debug/Flutter\ Assemble.build/Objects-normal/undefined_arch
    export PER_VARIANT_OBJECT_FILE_DIR\=/Users/navtej/Library/Developer/Xcode/DerivedData/Runner-hbnzjsawnczecrfautfxhwftzpzw/Build/Intermediates.noindex/Runner.build/Debug/Flutter\ Assemble.build/Objects-normal
    export PKGINFO_FILE_PATH\=/Users/navtej/Library/Developer/Xcode/DerivedData/Runner-hbnzjsawnczecrfautfxhwftzpzw/Build/Intermediates.noindex/Runner.build/Debug/Flutter\ Assemble.build/PkgInfo
    export PLATFORM_DEVELOPER_APPLICATIONS_DIR\=/Applications/Xcode.app/Contents/Developer/Applications
    export PLATFORM_DEVELOPER_BIN_DIR\=/Applications/Xcode.app/Contents/Developer/usr/bin
    export PLATFORM_DEVELOPER_LIBRARY_DIR\=/Applications/Xcode.app/Contents/Developer/Library
    export PLATFORM_DEVELOPER_SDK_DIR\=/Applications/Xcode.app/Contents/Developer/Platforms/MacOSX.platform/Developer/SDKs
    export PLATFORM_DEVELOPER_TOOLS_DIR\=/Applications/Xcode.app/Contents/Developer/Tools
    export PLATFORM_DEVELOPER_USR_DIR\=/Applications/Xcode.app/Contents/Developer/usr
    export PLATFORM_DIR\=/Applications/Xcode.app/Contents/Developer/Platforms/MacOSX.platform
    export PLATFORM_DISPLAY_NAME\=macOS
    export PLATFORM_FAMILY_NAME\=macOS
    export PLATFORM_NAME\=macosx
    export PLATFORM_PREFERRED_ARCH\=x86_64
    export PLATFORM_PRODUCT_BUILD_VERSION\=25A352
    export PLATFORM_REQUIRES_SWIFT_AUTOLINK_EXTRACT\=NO
    export PLATFORM_REQUIRES_SWIFT_MODULEWRAP\=NO
    export PLIST_FILE_OUTPUT_FORMAT\=same-as-input
    export PODS_BUILD_DIR\=/Users/navtej/Library/Developer/Xcode/DerivedData/Runner-hbnzjsawnczecrfautfxhwftzpzw/Build/Products
    export PODS_CONFIGURATION_BUILD_DIR\=/Users/navtej/Library/Developer/Xcode/DerivedData/Runner-hbnzjsawnczecrfautfxhwftzpzw/Build/Products/Debug
    export PODS_PODFILE_DIR_PATH\=/Users/navtej/work/MovieManager/macos/.
    export PODS_ROOT\=/Users/navtej/work/MovieManager/macos/Pods
    export PODS_XCFRAMEWORKS_BUILD_DIR\=/Users/navtej/Library/Developer/Xcode/DerivedData/Runner-hbnzjsawnczecrfautfxhwftzpzw/Build/Products/Debug/XCFrameworkIntermediates
    export PRECOMPS_INCLUDE_HEADERS_FROM_BUILT_PRODUCTS_DIR\=YES
    export PRECOMP_DESTINATION_DIR\=/Users/navtej/Library/Developer/Xcode/DerivedData/Runner-hbnzjsawnczecrfautfxhwftzpzw/Build/Intermediates.noindex/Runner.build/Debug/Flutter\ Assemble.build/PrefixHeaders
    export PROCESSED_INFOPLIST_PATH\=/Users/navtej/Library/Developer/Xcode/DerivedData/Runner-hbnzjsawnczecrfautfxhwftzpzw/Build/Intermediates.noindex/Runner.build/Debug/Flutter\ Assemble.build/Objects-normal/undefined_arch/Processed-Info.plist
    export PRODUCT_MODULE_NAME\=Flutter_Assemble
    export PRODUCT_NAME\=Flutter\ Assemble
    export PRODUCT_SETTINGS_PATH\=
    export PROFILING_CODE\=NO
    export PROJECT\=Runner
    export PROJECT_DERIVED_FILE_DIR\=/Users/navtej/Library/Developer/Xcode/DerivedData/Runner-hbnzjsawnczecrfautfxhwftzpzw/Build/Intermediates.noindex/Runner.build/DerivedSources
    export PROJECT_DIR\=/Users/navtej/work/MovieManager/macos
    export PROJECT_FILE_PATH\=/Users/navtej/work/MovieManager/macos/Runner.xcodeproj
    export PROJECT_GUID\=18c1723432283e0cc55f10a6dcfd9e02
    export PROJECT_NAME\=Runner
    export PROJECT_TEMP_DIR\=/Users/navtej/Library/Developer/Xcode/DerivedData/Runner-hbnzjsawnczecrfautfxhwftzpzw/Build/Intermediates.noindex/Runner.build
    export PROJECT_TEMP_ROOT\=/Users/navtej/Library/Developer/Xcode/DerivedData/Runner-hbnzjsawnczecrfautfxhwftzpzw/Build/Intermediates.noindex
    export RECOMMENDED_MACOSX_DEPLOYMENT_TARGET\=11.0
    export RECURSIVE_SEARCH_PATHS_FOLLOW_SYMLINKS\=YES
    export REMOVE_CVS_FROM_RESOURCES\=YES
    export REMOVE_GIT_FROM_RESOURCES\=YES
    export REMOVE_HEADERS_FROM_EMBEDDED_BUNDLES\=YES
    export REMOVE_HG_FROM_RESOURCES\=YES
    export REMOVE_STATIC_EXECUTABLES_FROM_EMBEDDED_BUNDLES\=YES
    export REMOVE_SVN_FROM_RESOURCES\=YES
    export RESCHEDULE_INDEPENDENT_HEADERS_PHASES\=YES
    export REZ_COLLECTOR_DIR\=/Users/navtej/Library/Developer/Xcode/DerivedData/Runner-hbnzjsawnczecrfautfxhwftzpzw/Build/Intermediates.noindex/Runner.build/Debug/Flutter\ Assemble.build/ResourceManagerResources
    export REZ_OBJECTS_DIR\=/Users/navtej/Library/Developer/Xcode/DerivedData/Runner-hbnzjsawnczecrfautfxhwftzpzw/Build/Intermediates.noindex/Runner.build/Debug/Flutter\ Assemble.build/ResourceManagerResources/Objects
    export RUNTIME_EXCEPTION_ALLOW_DYLD_ENVIRONMENT_VARIABLES\=NO
    export RUNTIME_EXCEPTION_ALLOW_JIT\=NO
    export RUNTIME_EXCEPTION_ALLOW_UNSIGNED_EXECUTABLE_MEMORY\=NO
    export RUNTIME_EXCEPTION_DEBUGGING_TOOL\=NO
    export RUNTIME_EXCEPTION_DISABLE_EXECUTABLE_PAGE_PROTECTION\=NO
    export RUNTIME_EXCEPTION_DISABLE_LIBRARY_VALIDATION\=NO
    export SCAN_ALL_SOURCE_FILES_FOR_INCLUDES\=NO
    export SCRIPT_INPUT_FILE_0\=/Users/navtej/work/MovieManager/macos/Flutter/ephemeral/tripwire
    export SCRIPT_INPUT_FILE_COUNT\=1
    export SCRIPT_INPUT_FILE_LIST_0\=/Users/navtej/Library/Developer/Xcode/DerivedData/Runner-hbnzjsawnczecrfautfxhwftzpzw/Build/Intermediates.noindex/Runner.build/Debug/Flutter\ Assemble.build/InputFileList-33CC111E2044C6BF0003C045-FlutterInputs-98865813ee39f9b0eb2f8bf447961ede-resolved.xcfilelist
    export SCRIPT_INPUT_FILE_LIST_COUNT\=1
    export SCRIPT_OUTPUT_FILE_COUNT\=0
    export SCRIPT_OUTPUT_FILE_LIST_0\=/Users/navtej/Library/Developer/Xcode/DerivedData/Runner-hbnzjsawnczecrfautfxhwftzpzw/Build/Intermediates.noindex/Runner.build/Debug/Flutter\ Assemble.build/OutputFileList-33CC111E2044C6BF0003C045-FlutterOutputs-ecc46a1e6315f0294418c78257f99507-resolved.xcfilelist
    export SCRIPT_OUTPUT_FILE_LIST_COUNT\=1
    export SDKROOT\=/Applications/Xcode.app/Contents/Developer/Platforms/MacOSX.platform/Developer/SDKs/MacOSX26.0.sdk
    export SDK_DIR\=/Applications/Xcode.app/Contents/Developer/Platforms/MacOSX.platform/Developer/SDKs/MacOSX26.0.sdk
    export SDK_DIR_macosx\=/Applications/Xcode.app/Contents/Developer/Platforms/MacOSX.platform/Developer/SDKs/MacOSX26.0.sdk
    export SDK_DIR_macosx26_0\=/Applications/Xcode.app/Contents/Developer/Platforms/MacOSX.platform/Developer/SDKs/MacOSX26.0.sdk
    export SDK_NAME\=macosx26.0
    export SDK_NAMES\=macosx26.0
    export SDK_PRODUCT_BUILD_VERSION\=25A352
    export SDK_STAT_CACHE_DIR\=/Users/navtej/Library/Developer/Xcode/DerivedData
    export SDK_STAT_CACHE_ENABLE\=YES
    export SDK_STAT_CACHE_PATH\=/Users/navtej/Library/Developer/Xcode/DerivedData/SDKStatCaches.noindex/macosx26.0-25A352-28806144b0707e398aac92880fa50324.sdkstatcache
    export SDK_VERSION\=26.0
    export SDK_VERSION_ACTUAL\=260000
    export SDK_VERSION_MAJOR\=260000
    export SDK_VERSION_MINOR\=260000
    export SED\=/usr/bin/sed
    export SEPARATE_STRIP\=NO
    export SEPARATE_SYMBOL_EDIT\=NO
    export SET_DIR_MODE_OWNER_GROUP\=YES
    export SET_FILE_MODE_OWNER_GROUP\=NO
    export SHALLOW_BUNDLE\=NO
    export SHARED_DERIVED_FILE_DIR\=/Users/navtej/Library/Developer/Xcode/DerivedData/Runner-hbnzjsawnczecrfautfxhwftzpzw/Build/Products/Debug/DerivedSources
    export SHARED_PRECOMPS_DIR\=/Users/navtej/Library/Developer/Xcode/DerivedData/Runner-hbnzjsawnczecrfautfxhwftzpzw/Build/Intermediates.noindex/PrecompiledHeaders
    export SKIP_INSTALL\=YES
    export SOURCE_ROOT\=/Users/navtej/work/MovieManager/macos
    export SRCROOT\=/Users/navtej/work/MovieManager/macos
    export STRINGSDATA_DIR\=/Users/navtej/Library/Developer/Xcode/DerivedData/Runner-hbnzjsawnczecrfautfxhwftzpzw/Build/Intermediates.noindex/Runner.build/Debug/Flutter\ Assemble.build/Objects-normal/undefined_arch
    export STRINGSDATA_ROOT\=/Users/navtej/Library/Developer/Xcode/DerivedData/Runner-hbnzjsawnczecrfautfxhwftzpzw/Build/Intermediates.noindex/Runner.build/Debug/Flutter\ Assemble.build
    export STRINGS_FILE_INFOPLIST_RENAME\=YES
    export STRINGS_FILE_OUTPUT_ENCODING\=UTF-16
    export STRING_CATALOG_GENERATE_SYMBOLS\=NO
    export STRIP_BITCODE_FROM_COPIED_FILES\=NO
    export STRIP_INSTALLED_PRODUCT\=NO
    export STRIP_PNG_TEXT\=NO
    export STRIP_STYLE\=all
    export STRIP_SWIFT_SYMBOLS\=YES
    export SUPPORTED_PLATFORMS\=macosx
    export SUPPORTS_TEXT_BASED_API\=NO
    export SUPPRESS_WARNINGS\=NO
    export SWIFT_ACTIVE_COMPILATION_CONDITIONS\=DEBUG
    export SWIFT_EMIT_CONST_VALUE_PROTOCOLS\=AppIntent\ EntityQuery\ AppEntity\ TransientEntity\ AppEnum\ AppShortcutProviding\ AppShortcutsProvider\ AnyResolverProviding\ AppIntentsPackage\ DynamicOptionsProvider\ _IntentValueRepresentable\ _AssistantIntentsProvider\ _GenerativeFunctionExtractable\ IntentValueQuery\ Resolver\ AppExtension\ ExtensionPointDefining
    export SWIFT_EMIT_LOC_STRINGS\=NO
    export SWIFT_ENABLE_EXPLICIT_MODULES\=YES
    export SWIFT_OPTIMIZATION_LEVEL\=-Onone
    export SWIFT_PLATFORM_TARGET_PREFIX\=macos
    export SWIFT_RESPONSE_FILE_PATH_normal_arm64\=/Users/navtej/Library/Developer/Xcode/DerivedData/Runner-hbnzjsawnczecrfautfxhwftzpzw/Build/Intermediates.noindex/Runner.build/Debug/Flutter\ Assemble.build/Objects-normal/arm64/Flutter\ Assemble.SwiftFileList
    export SYMROOT\=/Users/navtej/Library/Developer/Xcode/DerivedData/Runner-hbnzjsawnczecrfautfxhwftzpzw/Build/Products
    export SYSTEM_ADMIN_APPS_DIR\=/Applications/Utilities
    export SYSTEM_APPS_DIR\=/Applications
    export SYSTEM_CORE_SERVICES_DIR\=/System/Library/CoreServices
    export SYSTEM_DEMOS_DIR\=/Applications/Extras
    export SYSTEM_DEVELOPER_APPS_DIR\=/Applications/Xcode.app/Contents/Developer/Applications
    export SYSTEM_DEVELOPER_BIN_DIR\=/Applications/Xcode.app/Contents/Developer/usr/bin
    export SYSTEM_DEVELOPER_DEMOS_DIR\=/Applications/Xcode.app/Contents/Developer/Applications/Utilities/Built\ Examples
    export SYSTEM_DEVELOPER_DIR\=/Applications/Xcode.app/Contents/Developer
    export SYSTEM_DEVELOPER_DOC_DIR\=/Applications/Xcode.app/Contents/Developer/ADC\ Reference\ Library
    export SYSTEM_DEVELOPER_GRAPHICS_TOOLS_DIR\=/Applications/Xcode.app/Contents/Developer/Applications/Graphics\ Tools
    export SYSTEM_DEVELOPER_JAVA_TOOLS_DIR\=/Applications/Xcode.app/Contents/Developer/Applications/Java\ Tools
    export SYSTEM_DEVELOPER_PERFORMANCE_TOOLS_DIR\=/Applications/Xcode.app/Contents/Developer/Applications/Performance\ Tools
    export SYSTEM_DEVELOPER_RELEASENOTES_DIR\=/Applications/Xcode.app/Contents/Developer/ADC\ Reference\ Library/releasenotes
    export SYSTEM_DEVELOPER_TOOLS\=/Applications/Xcode.app/Contents/Developer/Tools
    export SYSTEM_DEVELOPER_TOOLS_DOC_DIR\=/Applications/Xcode.app/Contents/Developer/ADC\ Reference\ Library/documentation/DeveloperTools
    export SYSTEM_DEVELOPER_TOOLS_RELEASENOTES_DIR\=/Applications/Xcode.app/Contents/Developer/ADC\ Reference\ Library/releasenotes/DeveloperTools
    export SYSTEM_DEVELOPER_USR_DIR\=/Applications/Xcode.app/Contents/Developer/usr
    export SYSTEM_DEVELOPER_UTILITIES_DIR\=/Applications/Xcode.app/Contents/Developer/Applications/Utilities
    export SYSTEM_DEXT_INSTALL_PATH\=/System/Library/DriverExtensions
    export SYSTEM_DOCUMENTATION_DIR\=/Library/Documentation
    export SYSTEM_KEXT_INSTALL_PATH\=/System/Library/Extensions
    export SYSTEM_LIBRARY_DIR\=/System/Library
    export TAPI_DEMANGLE\=YES
    export TAPI_ENABLE_PROJECT_HEADERS\=NO
    export TAPI_LANGUAGE\=objective-c
    export TAPI_LANGUAGE_STANDARD\=compiler-default
    export TAPI_USE_SRCROOT\=YES
    export TAPI_VERIFY_MODE\=Pedantic
    export TARGETNAME\=Flutter\ Assemble
    export TARGET_BUILD_DIR\=/Users/navtej/Library/Developer/Xcode/DerivedData/Runner-hbnzjsawnczecrfautfxhwftzpzw/Build/Products/Debug
    export TARGET_NAME\=Flutter\ Assemble
    export TARGET_TEMP_DIR\=/Users/navtej/Library/Developer/Xcode/DerivedData/Runner-hbnzjsawnczecrfautfxhwftzpzw/Build/Intermediates.noindex/Runner.build/Debug/Flutter\ Assemble.build
    export TEMP_DIR\=/Users/navtej/Library/Developer/Xcode/DerivedData/Runner-hbnzjsawnczecrfautfxhwftzpzw/Build/Intermediates.noindex/Runner.build/Debug/Flutter\ Assemble.build
    export TEMP_FILES_DIR\=/Users/navtej/Library/Developer/Xcode/DerivedData/Runner-hbnzjsawnczecrfautfxhwftzpzw/Build/Intermediates.noindex/Runner.build/Debug/Flutter\ Assemble.build
    export TEMP_FILE_DIR\=/Users/navtej/Library/Developer/Xcode/DerivedData/Runner-hbnzjsawnczecrfautfxhwftzpzw/Build/Intermediates.noindex/Runner.build/Debug/Flutter\ Assemble.build
    export TEMP_ROOT\=/Users/navtej/Library/Developer/Xcode/DerivedData/Runner-hbnzjsawnczecrfautfxhwftzpzw/Build/Intermediates.noindex
    export TEMP_SANDBOX_DIR\=/Users/navtej/Library/Developer/Xcode/DerivedData/Runner-hbnzjsawnczecrfautfxhwftzpzw/Build/Intermediates.noindex/TemporaryTaskSandboxes
    export TEST_FRAMEWORK_SEARCH_PATHS\=\ /Applications/Xcode.app/Contents/Developer/Platforms/MacOSX.platform/Developer/Library/Frameworks
    export TEST_LIBRARY_SEARCH_PATHS\=\ /Applications/Xcode.app/Contents/Developer/Platforms/MacOSX.platform/Developer/usr/lib
    export TOOLCHAINS\=com.apple.dt.toolchain.XcodeDefault
    export TOOLCHAIN_DIR\=/Applications/Xcode.app/Contents/Developer/Toolchains/XcodeDefault.xctoolchain
    export TRACK_WIDGET_CREATION\=true
    export TREAT_MISSING_BASELINES_AS_TEST_FAILURES\=NO
    export TREAT_MISSING_SCRIPT_PHASE_OUTPUTS_AS_ERRORS\=NO
    export TREE_SHAKE_ICONS\=false
    export UID\=501
    export UNINSTALLED_PRODUCTS_DIR\=/Users/navtej/Library/Developer/Xcode/DerivedData/Runner-hbnzjsawnczecrfautfxhwftzpzw/Build/Intermediates.noindex/UninstalledProducts
    export UNSTRIPPED_PRODUCT\=NO
    export USER\=navtej
    export USER_APPS_DIR\=/Users/navtej/Applications
    export USER_LIBRARY_DIR\=/Users/navtej/Library
    export USE_DYNAMIC_NO_PIC\=YES
    export USE_HEADERMAP\=YES
    export USE_HEADER_SYMLINKS\=NO
    export USE_RECURSIVE_SCRIPT_INPUTS_IN_SCRIPT_PHASES\=YES
    export VALIDATE_DEVELOPMENT_ASSET_PATHS\=YES_ERROR
    export VALIDATE_PRODUCT\=NO
    export VALID_ARCHS\=arm64\ arm64e\ i386\ x86_64
    export VERBOSE_PBXCP\=NO
    export VERSION_INFO_BUILDER\=navtej
    export VERSION_INFO_FILE\=Flutter\ Assemble_vers.c
    export VERSION_INFO_STRING\=\"@\(\#\)PROGRAM:Flutter\ Assemble\ \ PROJECT:Runner-\"
    export WARNING_CFLAGS\=-Wall\ -Wconditional-uninitialized\ -Wnullable-to-nonnull-conversion\ -Wmissing-method-return-type\ -Woverlength-strings
    export WORKSPACE_DIR\=/Users/navtej/work/MovieManager/macos
    export WRAP_ASSET_PACKS_IN_SEPARATE_DIRECTORIES\=NO
    export XCODE_APP_SUPPORT_DIR\=/Applications/Xcode.app/Contents/Developer/Library/Xcode
    export XCODE_PRODUCT_BUILD_VERSION\=17A400
    export XCODE_VERSION_ACTUAL\=2601
    export XCODE_VERSION_MAJOR\=2600
    export XCODE_VERSION_MINOR\=2600
    export XPCSERVICES_FOLDER_PATH\=/XPCServices
    export YACC\=yacc
    export _BOOL_\=NO
    export _BOOL_NO\=NO
    export _BOOL_YES\=YES
    export _DEVELOPMENT_TEAM_IS_EMPTY\=YES
    export _DISCOVER_COMMAND_LINE_LINKER_INPUTS\=YES
    export _DISCOVER_COMMAND_LINE_LINKER_INPUTS_INCLUDE_WL\=YES
    export _IS_EMPTY_\=YES
    export _LD_MULTIARCH\=YES
    export _MACOSX_DEPLOYMENT_TARGET_IS_EMPTY\=NO
    export __DIAGNOSE_DEPRECATED_ARCHS\=YES
    export arch\=undefined_arch
    export variant\=normal
    /bin/sh -c /Users/navtej/Library/Developer/Xcode/DerivedData/Runner-hbnzjsawnczecrfautfxhwftzpzw/Build/Intermediates.noindex/Runner.build/Debug/Flutter\\\ Assemble.build/Script-33CC111E2044C6BF0003C045.sh
Project /Users/navtej/work/MovieManager built and packaged successfully.
note: Run script build phase 'Run Script' will be run during every build because the option to run the script phase "Based on dependency analysis" is unchecked. (in target 'Runner' from project 'Runner')
ProcessProductPackaging /Users/navtej/work/MovieManager/macos/Runner/DebugProfile.entitlements /Users/navtej/Library/Developer/Xcode/DerivedData/Runner-hbnzjsawnczecrfautfxhwftzpzw/Build/Intermediates.noindex/Runner.build/Debug/Runner.build/movie_manager.app.xcent (in target 'Runner' from project 'Runner')
    cd /Users/navtej/work/MovieManager/macos
    
    Entitlements:
    
    {
    "com.apple.security.app-sandbox" = 1;
    "com.apple.security.assets.movies.read-write" = 1;
    "com.apple.security.cs.allow-jit" = 1;
    "com.apple.security.files.downloads.read-write" = 1;
    "com.apple.security.files.user-selected.read-write" = 1;
    "com.apple.security.get-task-allow" = 1;
    "com.apple.security.network.client" = 1;
    "com.apple.security.network.server" = 1;
}
    
    builtin-productPackagingUtility /Users/navtej/work/MovieManager/macos/Runner/DebugProfile.entitlements -entitlements -format xml -o /Users/navtej/Library/Developer/Xcode/DerivedData/Runner-hbnzjsawnczecrfautfxhwftzpzw/Build/Intermediates.noindex/Runner.build/Debug/Runner.build/movie_manager.app.xcent

ProcessInfoPlistFile /Users/navtej/Library/Developer/Xcode/DerivedData/Runner-hbnzjsawnczecrfautfxhwftzpzw/Build/Products/Debug/Pods_Runner.framework/Versions/A/Resources/Info.plist /Users/navtej/work/MovieManager/macos/Pods/Target\ Support\ Files/Pods-Runner/Pods-Runner-Info.plist (in target 'Pods-Runner' from project 'Pods')
    cd /Users/navtej/work/MovieManager/macos/Pods
    builtin-infoPlistUtility /Users/navtej/work/MovieManager/macos/Pods/Target\ Support\ Files/Pods-Runner/Pods-Runner-Info.plist -producttype com.apple.product-type.framework -expandbuildsettings -platform macosx -o /Users/navtej/Library/Developer/Xcode/DerivedData/Runner-hbnzjsawnczecrfautfxhwftzpzw/Build/Products/Debug/Pods_Runner.framework/Versions/A/Resources/Info.plist

ProcessProductPackagingDER /Users/navtej/Library/Developer/Xcode/DerivedData/Runner-hbnzjsawnczecrfautfxhwftzpzw/Build/Intermediates.noindex/Runner.build/Debug/Runner.build/movie_manager.app.xcent /Users/navtej/Library/Developer/Xcode/DerivedData/Runner-hbnzjsawnczecrfautfxhwftzpzw/Build/Intermediates.noindex/Runner.build/Debug/Runner.build/movie_manager.app.xcent.der (in target 'Runner' from project 'Runner')
    cd /Users/navtej/work/MovieManager/macos
    /usr/bin/derq query -f xml -i /Users/navtej/Library/Developer/Xcode/DerivedData/Runner-hbnzjsawnczecrfautfxhwftzpzw/Build/Intermediates.noindex/Runner.build/Debug/Runner.build/movie_manager.app.xcent -o /Users/navtej/Library/Developer/Xcode/DerivedData/Runner-hbnzjsawnczecrfautfxhwftzpzw/Build/Intermediates.noindex/Runner.build/Debug/Runner.build/movie_manager.app.xcent.der --raw

PhaseScriptExecution [CP]\ Check\ Pods\ Manifest.lock /Users/navtej/Library/Developer/Xcode/DerivedData/Runner-hbnzjsawnczecrfautfxhwftzpzw/Build/Intermediates.noindex/Runner.build/Debug/Runner.build/Script-331BE6757DE64ECBD34EA071.sh (in target 'Runner' from project 'Runner')
    cd /Users/navtej/work/MovieManager/macos
    /bin/sh -c /Users/navtej/Library/Developer/Xcode/DerivedData/Runner-hbnzjsawnczecrfautfxhwftzpzw/Build/Intermediates.noindex/Runner.build/Debug/Runner.build/Script-331BE6757DE64ECBD34EA071.sh

SwiftDriver Runner normal arm64 com.apple.xcode.tools.swift.compiler (in target 'Runner' from project 'Runner')
    cd /Users/navtej/work/MovieManager/macos
    builtin-SwiftDriver -- /Applications/Xcode.app/Contents/Developer/Toolchains/XcodeDefault.xctoolchain/usr/bin/swiftc -module-name movie_manager -Onone -enforce-exclusivity\=checked @/Users/navtej/Library/Developer/Xcode/DerivedData/Runner-hbnzjsawnczecrfautfxhwftzpzw/Build/Intermediates.noindex/Runner.build/Debug/Runner.build/Objects-normal/arm64/movie_manager.SwiftFileList -DDEBUG -D COCOAPODS -enable-bare-slash-regex -enable-experimental-feature DebugDescriptionMacro -sdk /Applications/Xcode.app/Contents/Developer/Platforms/MacOSX.platform/Developer/SDKs/MacOSX26.0.sdk -target arm64-apple-macos15.0 -g -module-cache-path /Users/navtej/Library/Developer/Xcode/DerivedData/ModuleCache.noindex -Xfrontend -serialize-debugging-options -enable-testing -index-store-path /Users/navtej/Library/Developer/Xcode/DerivedData/Runner-hbnzjsawnczecrfautfxhwftzpzw/Index.noindex/DataStore -Xcc -D_LIBCPP_HARDENING_MODE\=_LIBCPP_HARDENING_MODE_DEBUG -swift-version 5 -I /Users/navtej/Library/Developer/Xcode/DerivedData/Runner-hbnzjsawnczecrfautfxhwftzpzw/Build/Products/Debug -F /Users/navtej/Library/Developer/Xcode/DerivedData/Runner-hbnzjsawnczecrfautfxhwftzpzw/Build/Products/Debug -F /Users/navtej/Library/Developer/Xcode/DerivedData/Runner-hbnzjsawnczecrfautfxhwftzpzw/Build/Products/Debug/appkit_ui_element_colors -F /Users/navtej/Library/Developer/Xcode/DerivedData/Runner-hbnzjsawnczecrfautfxhwftzpzw/Build/Products/Debug/ffmpeg_kit_flutter_new -F /Users/navtej/Library/Developer/Xcode/DerivedData/Runner-hbnzjsawnczecrfautfxhwftzpzw/Build/Products/Debug/file_picker -F /Users/navtej/Library/Developer/Xcode/DerivedData/Runner-hbnzjsawnczecrfautfxhwftzpzw/Build/Products/Debug/macos_ui -F /Users/navtej/Library/Developer/Xcode/DerivedData/Runner-hbnzjsawnczecrfautfxhwftzpzw/Build/Products/Debug/macos_window_utils -F /Users/navtej/Library/Developer/Xcode/DerivedData/Runner-hbnzjsawnczecrfautfxhwftzpzw/Build/Products/Debug/path_provider_foundation -F /Users/navtej/Library/Developer/Xcode/DerivedData/Runner-hbnzjsawnczecrfautfxhwftzpzw/Build/Products/Debug/sqlite3 -F /Users/navtej/Library/Developer/Xcode/DerivedData/Runner-hbnzjsawnczecrfautfxhwftzpzw/Build/Products/Debug/sqlite3_flutter_libs -F /Users/navtej/Library/Developer/Xcode/DerivedData/Runner-hbnzjsawnczecrfautfxhwftzpzw/Build/Products/Debug/url_launcher_macos -F /Users/navtej/work/MovieManager/macos/Flutter/ephemeral/.symlinks/plugins/ffmpeg_kit_flutter_new/macos/Frameworks -c -j10 -enable-batch-mode -incremental -Xcc -ivfsstatcache -Xcc /Users/navtej/Library/Developer/Xcode/DerivedData/SDKStatCaches.noindex/macosx26.0-25A352-28806144b0707e398aac92880fa50324.sdkstatcache -output-file-map /Users/navtej/Library/Developer/Xcode/DerivedData/Runner-hbnzjsawnczecrfautfxhwftzpzw/Build/Intermediates.noindex/Runner.build/Debug/Runner.build/Objects-normal/arm64/Runner-OutputFileMap.json -use-frontend-parseable-output -save-temps -no-color-diagnostics -explicit-module-build -module-cache-path /Users/navtej/Library/Developer/Xcode/DerivedData/Runner-hbnzjsawnczecrfautfxhwftzpzw/Build/Intermediates.noindex/SwiftExplicitPrecompiledModules -clang-scanner-module-cache-path /Users/navtej/Library/Developer/Xcode/DerivedData/ModuleCache.noindex -sdk-module-cache-path /Users/navtej/Library/Developer/Xcode/DerivedData/ModuleCache.noindex -serialize-diagnostics -emit-dependencies -emit-module -emit-module-path /Users/navtej/Library/Developer/Xcode/DerivedData/Runner-hbnzjsawnczecrfautfxhwftzpzw/Build/Intermediates.noindex/Runner.build/Debug/Runner.build/Objects-normal/arm64/movie_manager.swiftmodule -validate-clang-modules-once -clang-build-session-file /Users/navtej/Library/Developer/Xcode/DerivedData/ModuleCache.noindex/Session.modulevalidation -Xcc -I/Users/navtej/Library/Developer/Xcode/DerivedData/Runner-hbnzjsawnczecrfautfxhwftzpzw/Build/Intermediates.noindex/Runner.build/Debug/Runner.build/swift-overrides.hmap -emit-const-values -Xfrontend -const-gather-protocols-file -Xfrontend /Users/navtej/Library/Developer/Xcode/DerivedData/Runner-hbnzjsawnczecrfautfxhwftzpzw/Build/Intermediates.noindex/Runner.build/Debug/Runner.build/Objects-normal/arm64/Runner_const_extract_protocols.json -Xcc -iquote -Xcc /Users/navtej/Library/Developer/Xcode/DerivedData/Runner-hbnzjsawnczecrfautfxhwftzpzw/Build/Intermediates.noindex/Runner.build/Debug/Runner.build/movie_manager-generated-files.hmap -Xcc -I/Users/navtej/Library/Developer/Xcode/DerivedData/Runner-hbnzjsawnczecrfautfxhwftzpzw/Build/Intermediates.noindex/Runner.build/Debug/Runner.build/movie_manager-own-target-headers.hmap -Xcc -I/Users/navtej/Library/Developer/Xcode/DerivedData/Runner-hbnzjsawnczecrfautfxhwftzpzw/Build/Intermediates.noindex/Runner.build/Debug/Runner.build/movie_manager-all-non-framework-target-headers.hmap -Xcc -ivfsoverlay -Xcc /Users/navtej/Library/Developer/Xcode/DerivedData/Runner-hbnzjsawnczecrfautfxhwftzpzw/Build/Intermediates.noindex/Runner.build/Debug/Runner-18c1723432283e0cc55f10a6dcfd9e02-VFS/all-product-headers.yaml -Xcc -iquote -Xcc /Users/navtej/Library/Developer/Xcode/DerivedData/Runner-hbnzjsawnczecrfautfxhwftzpzw/Build/Intermediates.noindex/Runner.build/Debug/Runner.build/movie_manager-project-headers.hmap -Xcc -I/Users/navtej/Library/Developer/Xcode/DerivedData/Runner-hbnzjsawnczecrfautfxhwftzpzw/Build/Products/Debug/include -Xcc -I/Users/navtej/Library/Developer/Xcode/DerivedData/Runner-hbnzjsawnczecrfautfxhwftzpzw/Build/Products/Debug/appkit_ui_element_colors/appkit_ui_element_colors.framework/Headers -Xcc -I/Users/navtej/Library/Developer/Xcode/DerivedData/Runner-hbnzjsawnczecrfautfxhwftzpzw/Build/Products/Debug/ffmpeg_kit_flutter_new/ffmpeg_kit_flutter_new.framework/Headers -Xcc -I/Users/navtej/Library/Developer/Xcode/DerivedData/Runner-hbnzjsawnczecrfautfxhwftzpzw/Build/Products/Debug/file_picker/file_picker.framework/Headers -Xcc -I/Users/navtej/Library/Developer/Xcode/DerivedData/Runner-hbnzjsawnczecrfautfxhwftzpzw/Build/Products/Debug/macos_ui/macos_ui.framework/Headers -Xcc -I/Users/navtej/Library/Developer/Xcode/DerivedData/Runner-hbnzjsawnczecrfautfxhwftzpzw/Build/Products/Debug/macos_window_utils/macos_window_utils.framework/Headers -Xcc -I/Users/navtej/Library/Developer/Xcode/DerivedData/Runner-hbnzjsawnczecrfautfxhwftzpzw/Build/Products/Debug/path_provider_foundation/path_provider_foundation.framework/Headers -Xcc -I/Users/navtej/Library/Developer/Xcode/DerivedData/Runner-hbnzjsawnczecrfautfxhwftzpzw/Build/Products/Debug/sqlite3/sqlite3.framework/Headers -Xcc -I/Users/navtej/Library/Developer/Xcode/DerivedData/Runner-hbnzjsawnczecrfautfxhwftzpzw/Build/Products/Debug/sqlite3_flutter_libs/sqlite3_flutter_libs.framework/Headers -Xcc -I/Users/navtej/Library/Developer/Xcode/DerivedData/Runner-hbnzjsawnczecrfautfxhwftzpzw/Build/Products/Debug/url_launcher_macos/url_launcher_macos.framework/Headers -Xcc -I/Users/navtej/Library/Developer/Xcode/DerivedData/Runner-hbnzjsawnczecrfautfxhwftzpzw/Build/Intermediates.noindex/Runner.build/Debug/Runner.build/DerivedSources-normal/arm64 -Xcc -I/Users/navtej/Library/Developer/Xcode/DerivedData/Runner-hbnzjsawnczecrfautfxhwftzpzw/Build/Intermediates.noindex/Runner.build/Debug/Runner.build/DerivedSources/arm64 -Xcc -I/Users/navtej/Library/Developer/Xcode/DerivedData/Runner-hbnzjsawnczecrfautfxhwftzpzw/Build/Intermediates.noindex/Runner.build/Debug/Runner.build/DerivedSources -Xcc -DDEBUG\=1 -Xcc -DCOCOAPODS\=1 -emit-objc-header -emit-objc-header-path /Users/navtej/Library/Developer/Xcode/DerivedData/Runner-hbnzjsawnczecrfautfxhwftzpzw/Build/Intermediates.noindex/Runner.build/Debug/Runner.build/Objects-normal/arm64/movie_manager-Swift.h -working-directory /Users/navtej/work/MovieManager/macos -experimental-emit-module-separately -disable-cmo

ProcessInfoPlistFile /Users/navtej/Library/Developer/Xcode/DerivedData/Runner-hbnzjsawnczecrfautfxhwftzpzw/Build/Products/Debug/movie_manager.app/Contents/Info.plist /Users/navtej/work/MovieManager/macos/Runner/Info.plist (in target 'Runner' from project 'Runner')
    cd /Users/navtej/work/MovieManager/macos
    builtin-infoPlistUtility /Users/navtej/work/MovieManager/macos/Runner/Info.plist -producttype com.apple.product-type.application -genpkginfo /Users/navtej/Library/Developer/Xcode/DerivedData/Runner-hbnzjsawnczecrfautfxhwftzpzw/Build/Products/Debug/movie_manager.app/Contents/PkgInfo -expandbuildsettings -platform macosx -additionalcontentfile /Users/navtej/Library/Developer/Xcode/DerivedData/Runner-hbnzjsawnczecrfautfxhwftzpzw/Build/Intermediates.noindex/Runner.build/Debug/Runner.build/Base.lproj/MainMenu-PartialInfo.plist -additionalcontentfile /Users/navtej/Library/Developer/Xcode/DerivedData/Runner-hbnzjsawnczecrfautfxhwftzpzw/Build/Intermediates.noindex/Runner.build/Debug/Runner.build/assetcatalog_generated_info.plist -o /Users/navtej/Library/Developer/Xcode/DerivedData/Runner-hbnzjsawnczecrfautfxhwftzpzw/Build/Products/Debug/movie_manager.app/Contents/Info.plist

SwiftCompile normal arm64 Compiling\ MainFlutterWindow.swift /Users/navtej/work/MovieManager/macos/Runner/MainFlutterWindow.swift (in target 'Runner' from project 'Runner')

SwiftCompile normal arm64 /Users/navtej/work/MovieManager/macos/Runner/MainFlutterWindow.swift (in target 'Runner' from project 'Runner')
    cd /Users/navtej/work/MovieManager/macos
    
/Users/navtej/work/MovieManager/macos/Runner/MainFlutterWindow.swift:52:17: error: 'SystemLanguageModel' is only available in macOS 26.0 or newer
    let model = SystemLanguageModel(useCase: .contentTagging)
                ^
/Users/navtej/work/MovieManager/macos/Runner/MainFlutterWindow.swift:52:17: note: add 'if #available' version check
    let model = SystemLanguageModel(useCase: .contentTagging)
                ^
/Users/navtej/work/MovieManager/macos/Runner/MainFlutterWindow.swift:51:16: note: add '@available' attribute to enclosing instance method
  private func extractTagsWithAI(from text: String) async throws -> [String] {
               ^
/Users/navtej/work/MovieManager/macos/Runner/MainFlutterWindow.swift:6:7: note: add '@available' attribute to enclosing class
class MainFlutterWindow: NSWindow {
      ^
/Users/navtej/work/MovieManager/macos/Runner/MainFlutterWindow.swift:52:17: error: 'init(useCase:guardrails:)' is only available in macOS 26.0 or newer
    let model = SystemLanguageModel(useCase: .contentTagging)
                ^
/Users/navtej/work/MovieManager/macos/Runner/MainFlutterWindow.swift:52:17: note: add 'if #available' version check
    let model = SystemLanguageModel(useCase: .contentTagging)
                ^
/Users/navtej/work/MovieManager/macos/Runner/MainFlutterWindow.swift:51:16: note: add '@available' attribute to enclosing instance method
  private func extractTagsWithAI(from text: String) async throws -> [String] {
               ^
/Users/navtej/work/MovieManager/macos/Runner/MainFlutterWindow.swift:6:7: note: add '@available' attribute to enclosing class
class MainFlutterWindow: NSWindow {
      ^
/Users/navtej/work/MovieManager/macos/Runner/MainFlutterWindow.swift:53:23: error: 'LanguageModelSession' is only available in macOS 26.0 or newer
    let session = try LanguageModelSession(model: model)
                      ^
/Users/navtej/work/MovieManager/macos/Runner/MainFlutterWindow.swift:53:23: note: add 'if #available' version check
    let session = try LanguageModelSession(model: model)
                      ^
/Users/navtej/work/MovieManager/macos/Runner/MainFlutterWindow.swift:51:16: note: add '@available' attribute to enclosing instance method
  private func extractTagsWithAI(from text: String) async throws -> [String] {
               ^
/Users/navtej/work/MovieManager/macos/Runner/MainFlutterWindow.swift:6:7: note: add '@available' attribute to enclosing class
class MainFlutterWindow: NSWindow {
      ^
/Users/navtej/work/MovieManager/macos/Runner/MainFlutterWindow.swift:58:9: warning: conformance of 'String' to 'Generable' is only available in macOS 26.0 or newer; this is an error in the Swift 6 language mode
    let response = try await session.respond(to: prompt)
        ^
/Users/navtej/work/MovieManager/macos/Runner/MainFlutterWindow.swift:58:9: note: add 'if #available' version check
    let response = try await session.respond(to: prompt)
        ^
/Users/navtej/work/MovieManager/macos/Runner/MainFlutterWindow.swift:51:16: note: add '@available' attribute to enclosing instance method
  private func extractTagsWithAI(from text: String) async throws -> [String] {
               ^
/Users/navtej/work/MovieManager/macos/Runner/MainFlutterWindow.swift:6:7: note: add '@available' attribute to enclosing class
class MainFlutterWindow: NSWindow {
      ^
/Users/navtej/work/MovieManager/macos/Runner/MainFlutterWindow.swift:62:33: error: value of type 'LanguageModelSession.Response<String>' has no member 'text'
    let responseText = response.text
                       ~~~~~~~~ ^~~~
/Users/navtej/work/MovieManager/macos/Runner/MainFlutterWindow.swift:53:19: warning: no calls to throwing functions occur within 'try' expression
    let session = try LanguageModelSession(model: model)
                  ^

Failed frontend command:
/Applications/Xcode.app/Contents/Developer/Toolchains/XcodeDefault.xctoolchain/usr/bin/swift-frontend -frontend -c -primary-file /Users/navtej/work/MovieManager/macos/Runner/MainFlutterWindow.swift /Users/navtej/work/MovieManager/macos/Runner/AppDelegate.swift /Users/navtej/work/MovieManager/macos/Flutter/GeneratedPluginRegistrant.swift /Users/navtej/Library/Developer/Xcode/DerivedData/Runner-hbnzjsawnczecrfautfxhwftzpzw/Build/Intermediates.noindex/Runner.build/Debug/Runner.build/DerivedSources/GeneratedAssetSymbols.swift -emit-dependencies-path /Users/navtej/Library/Developer/Xcode/DerivedData/Runner-hbnzjsawnczecrfautfxhwftzpzw/Build/Intermediates.noindex/Runner.build/Debug/Runner.build/Objects-normal/arm64/MainFlutterWindow.d -emit-const-values-path /Users/navtej/Library/Developer/Xcode/DerivedData/Runner-hbnzjsawnczecrfautfxhwftzpzw/Build/Intermediates.noindex/Runner.build/Debug/Runner.build/Objects-normal/arm64/MainFlutterWindow.swiftconstvalues -emit-reference-dependencies-path /Users/navtej/Library/Developer/Xcode/DerivedData/Runner-hbnzjsawnczecrfautfxhwftzpzw/Build/Intermediates.noindex/Runner.build/Debug/Runner.build/Objects-normal/arm64/MainFlutterWindow.swiftdeps -serialize-diagnostics-path /Users/navtej/Library/Developer/Xcode/DerivedData/Runner-hbnzjsawnczecrfautfxhwftzpzw/Build/Intermediates.noindex/Runner.build/Debug/Runner.build/Objects-normal/arm64/MainFlutterWindow.dia -target arm64-apple-macos15.0 -module-can-import-version AppKit 2685.10.108 2685.10.108 -module-can-import-version DeveloperToolsSupport 23.0.4 23.0.4 -module-can-import-version SwiftUI 7.0.84.1 7.0.84 -load-resolved-plugin /Applications/Xcode.app/Contents/Developer/Platforms/MacOSX.platform/Developer/usr/lib/swift/host/plugins/libFoundationMacros.dylib\#/Applications/Xcode.app/Contents/Developer/Platforms/MacOSX.platform/Developer/usr/bin/swift-plugin-server\#FoundationMacros -load-resolved-plugin /Applications/Xcode.app/Contents/Developer/Platforms/MacOSX.platform/Developer/usr/lib/swift/host/plugins/libFoundationModelsMacros.dylib\#/Applications/Xcode.app/Contents/Developer/Platforms/MacOSX.platform/Developer/usr/bin/swift-plugin-server\#FoundationModelsMacros -load-resolved-plugin /Applications/Xcode.app/Contents/Developer/Platforms/MacOSX.platform/Developer/usr/lib/swift/host/plugins/libObservationMacros.dylib\#/Applications/Xcode.app/Contents/Developer/Platforms/MacOSX.platform/Developer/usr/bin/swift-plugin-server\#ObservationMacros -load-resolved-plugin /Applications/Xcode.app/Contents/Developer/Platforms/MacOSX.platform/Developer/usr/lib/swift/host/plugins/libPreviewsMacros.dylib\#/Applications/Xcode.app/Contents/Developer/Platforms/MacOSX.platform/Developer/usr/bin/swift-plugin-server\#PreviewsMacros -load-resolved-plugin /Applications/Xcode.app/Contents/Developer/Platforms/MacOSX.platform/Developer/usr/lib/swift/host/plugins/libSwiftMacros.dylib\#/Applications/Xcode.app/Contents/Developer/Platforms/MacOSX.platform/Developer/usr/bin/swift-plugin-server\#SwiftMacros -load-resolved-plugin /Applications/Xcode.app/Contents/Developer/Platforms/MacOSX.platform/Developer/usr/lib/swift/host/plugins/libSwiftUIMacros.dylib\#/Applications/Xcode.app/Contents/Developer/Platforms/MacOSX.platform/Developer/usr/bin/swift-plugin-server\#SwiftUIMacros -disable-implicit-swift-modules -Xcc -fno-implicit-modules -Xcc -fno-implicit-module-maps -explicit-swift-module-map-file /Users/navtej/Library/Developer/Xcode/DerivedData/Runner-hbnzjsawnczecrfautfxhwftzpzw/Build/Intermediates.noindex/Runner.build/Debug/Runner.build/Objects-normal/arm64/movie_manager-dependencies-1.json -Xllvm -aarch64-use-tbi -enable-objc-interop -stack-check -sdk /Applications/Xcode.app/Contents/Developer/Platforms/MacOSX.platform/Developer/SDKs/MacOSX26.0.sdk -I /Users/navtej/Library/Developer/Xcode/DerivedData/Runner-hbnzjsawnczecrfautfxhwftzpzw/Build/Products/Debug -F /Users/navtej/Library/Developer/Xcode/DerivedData/Runner-hbnzjsawnczecrfautfxhwftzpzw/Build/Products/Debug -F /Users/navtej/Library/Developer/Xcode/DerivedData/Runner-hbnzjsawnczecrfautfxhwftzpzw/Build/Products/Debug/appkit_ui_element_colors -F /Users/navtej/Library/Developer/Xcode/DerivedData/Runner-hbnzjsawnczecrfautfxhwftzpzw/Build/Products/Debug/ffmpeg_kit_flutter_new -F /Users/navtej/Library/Developer/Xcode/DerivedData/Runner-hbnzjsawnczecrfautfxhwftzpzw/Build/Products/Debug/file_picker -F /Users/navtej/Library/Developer/Xcode/DerivedData/Runner-hbnzjsawnczecrfautfxhwftzpzw/Build/Products/Debug/macos_ui -F /Users/navtej/Library/Developer/Xcode/DerivedData/Runner-hbnzjsawnczecrfautfxhwftzpzw/Build/Products/Debug/macos_window_utils -F /Users/navtej/Library/Developer/Xcode/DerivedData/Runner-hbnzjsawnczecrfautfxhwftzpzw/Build/Products/Debug/path_provider_foundation -F /Users/navtej/Library/Developer/Xcode/DerivedData/Runner-hbnzjsawnczecrfautfxhwftzpzw/Build/Products/Debug/sqlite3 -F /Users/navtej/Library/Developer/Xcode/DerivedData/Runner-hbnzjsawnczecrfautfxhwftzpzw/Build/Products/Debug/sqlite3_flutter_libs -F /Users/navtej/Library/Developer/Xcode/DerivedData/Runner-hbnzjsawnczecrfautfxhwftzpzw/Build/Products/Debug/url_launcher_macos -F /Users/navtej/work/MovieManager/macos/Flutter/ephemeral/.symlinks/plugins/ffmpeg_kit_flutter_new/macos/Frameworks -no-color-diagnostics -Xcc -fno-color-diagnostics -enable-testing -g -debug-info-format\=dwarf -dwarf-version\=5 -module-cache-path /Users/navtej/Library/Developer/Xcode/DerivedData/Runner-hbnzjsawnczecrfautfxhwftzpzw/Build/Intermediates.noindex/SwiftExplicitPrecompiledModules -swift-version 5 -enforce-exclusivity\=checked -Onone -D DEBUG -D COCOAPODS -serialize-debugging-options -const-gather-protocols-file /Users/navtej/Library/Developer/Xcode/DerivedData/Runner-hbnzjsawnczecrfautfxhwftzpzw/Build/Intermediates.noindex/Runner.build/Debug/Runner.build/Objects-normal/arm64/Runner_const_extract_protocols.json -enable-experimental-feature DebugDescriptionMacro -enable-bare-slash-regex -empty-abi-descriptor -validate-clang-modules-once -clang-build-session-file /Users/navtej/Library/Developer/Xcode/DerivedData/ModuleCache.noindex/Session.modulevalidation -Xcc -working-directory -Xcc /Users/navtej/work/MovieManager/macos -enable-anonymous-context-mangled-names -file-compilation-dir /Users/navtej/work/MovieManager/macos -Xcc -D_LIBCPP_HARDENING_MODE\=_LIBCPP_HARDENING_MODE_DEBUG -Xcc -ivfsstatcache -Xcc /Users/navtej/Library/Developer/Xcode/DerivedData/SDKStatCaches.noindex/macosx26.0-25A352-28806144b0707e398aac92880fa50324.sdkstatcache -Xcc -I/Users/navtej/Library/Developer/Xcode/DerivedData/Runner-hbnzjsawnczecrfautfxhwftzpzw/Build/Intermediates.noindex/Runner.build/Debug/Runner.build/swift-overrides.hmap -Xcc -iquote -Xcc /Users/navtej/Library/Developer/Xcode/DerivedData/Runner-hbnzjsawnczecrfautfxhwftzpzw/Build/Intermediates.noindex/Runner.build/Debug/Runner.build/movie_manager-generated-files.hmap -Xcc -I/Users/navtej/Library/Developer/Xcode/DerivedData/Runner-hbnzjsawnczecrfautfxhwftzpzw/Build/Intermediates.noindex/Runner.build/Debug/Runner.build/movie_manager-own-target-headers.hmap -Xcc -I/Users/navtej/Library/Developer/Xcode/DerivedData/Runner-hbnzjsawnczecrfautfxhwftzpzw/Build/Intermediates.noindex/Runner.build/Debug/Runner.build/movie_manager-all-non-framework-target-headers.hmap -Xcc -ivfsoverlay -Xcc /Users/navtej/Library/Developer/Xcode/DerivedData/Runner-hbnzjsawnczecrfautfxhwftzpzw/Build/Intermediates.noindex/Runner.build/Debug/Runner-18c1723432283e0cc55f10a6dcfd9e02-VFS/all-product-headers.yaml -Xcc -iquote -Xcc /Users/navtej/Library/Developer/Xcode/DerivedData/Runner-hbnzjsawnczecrfautfxhwftzpzw/Build/Intermediates.noindex/Runner.build/Debug/Runner.build/movie_manager-project-headers.hmap -Xcc -I/Users/navtej/Library/Developer/Xcode/DerivedData/Runner-hbnzjsawnczecrfautfxhwftzpzw/Build/Products/Debug/include -Xcc -I/Users/navtej/Library/Developer/Xcode/DerivedData/Runner-hbnzjsawnczecrfautfxhwftzpzw/Build/Products/Debug/appkit_ui_element_colors/appkit_ui_element_colors.framework/Headers -Xcc -I/Users/navtej/Library/Developer/Xcode/DerivedData/Runner-hbnzjsawnczecrfautfxhwftzpzw/Build/Products/Debug/ffmpeg_kit_flutter_new/ffmpeg_kit_flutter_new.framework/Headers -Xcc -I/Users/navtej/Library/Developer/Xcode/DerivedData/Runner-hbnzjsawnczecrfautfxhwftzpzw/Build/Products/Debug/file_picker/file_picker.framework/Headers -Xcc -I/Users/navtej/Library/Developer/Xcode/DerivedData/Runner-hbnzjsawnczecrfautfxhwftzpzw/Build/Products/Debug/macos_ui/macos_ui.framework/Headers -Xcc -I/Users/navtej/Library/Developer/Xcode/DerivedData/Runner-hbnzjsawnczecrfautfxhwftzpzw/Build/Products/Debug/macos_window_utils/macos_window_utils.framework/Headers -Xcc -I/Users/navtej/Library/Developer/Xcode/DerivedData/Runner-hbnzjsawnczecrfautfxhwftzpzw/Build/Products/Debug/path_provider_foundation/path_provider_foundation.framework/Headers -Xcc -I/Users/navtej/Library/Developer/Xcode/DerivedData/Runner-hbnzjsawnczecrfautfxhwftzpzw/Build/Products/Debug/sqlite3/sqlite3.framework/Headers -Xcc -I/Users/navtej/Library/Developer/Xcode/DerivedData/Runner-hbnzjsawnczecrfautfxhwftzpzw/Build/Products/Debug/sqlite3_flutter_libs/sqlite3_flutter_libs.framework/Headers -Xcc -I/Users/navtej/Library/Developer/Xcode/DerivedData/Runner-hbnzjsawnczecrfautfxhwftzpzw/Build/Products/Debug/url_launcher_macos/url_launcher_macos.framework/Headers -Xcc -I/Users/navtej/Library/Developer/Xcode/DerivedData/Runner-hbnzjsawnczecrfautfxhwftzpzw/Build/Intermediates.noindex/Runner.build/Debug/Runner.build/DerivedSources-normal/arm64 -Xcc -I/Users/navtej/Library/Developer/Xcode/DerivedData/Runner-hbnzjsawnczecrfautfxhwftzpzw/Build/Intermediates.noindex/Runner.build/Debug/Runner.build/DerivedSources/arm64 -Xcc -I/Users/navtej/Library/Developer/Xcode/DerivedData/Runner-hbnzjsawnczecrfautfxhwftzpzw/Build/Intermediates.noindex/Runner.build/Debug/Runner.build/DerivedSources -Xcc -DDEBUG\=1 -Xcc -DCOCOAPODS\=1 -no-auto-bridging-header-chaining -module-name movie_manager -frontend-parseable-output -disable-clang-spi -target-sdk-version 26.0 -target-sdk-name macosx26.0 -clang-target arm64-apple-macos26.0 -in-process-plugin-server-path /Applications/Xcode.app/Contents/Developer/Toolchains/XcodeDefault.xctoolchain/usr/lib/swift/host/libSwiftInProcPluginServer.dylib -o /Users/navtej/Library/Developer/Xcode/DerivedData/Runner-hbnzjsawnczecrfautfxhwftzpzw/Build/Intermediates.noindex/Runner.build/Debug/Runner.build/Objects-normal/arm64/MainFlutterWindow.o -index-unit-output-path /Runner.build/Debug/Runner.build/Objects-normal/arm64/MainFlutterWindow.o -index-store-path /Users/navtej/Library/Developer/Xcode/DerivedData/Runner-hbnzjsawnczecrfautfxhwftzpzw/Index.noindex/DataStore -index-system-modules
SwiftEmitModule normal arm64 Emitting\ module\ for\ movie_manager (in target 'Runner' from project 'Runner')

EmitSwiftModule normal arm64 (in target 'Runner' from project 'Runner')
    cd /Users/navtej/work/MovieManager/macos
    

warning: Stale file '/Users/navtej/work/MovieManager/build/macos/Build/Products/Debug/App.framework/Versions/A/App' is located outside of the allowed root paths.

warning: Stale file '/Users/navtej/work/MovieManager/build/macos/Build/Products/Debug/App.framework/Versions/A/Resources/Info.plist' is located outside of the allowed root paths.

warning: Stale file '/Users/navtej/work/MovieManager/build/macos/Build/Products/Debug/App.framework/Versions/A/Resources/flutter_assets/AssetManifest.bin' is located outside of the allowed root paths.

warning: Stale file '/Users/navtej/work/MovieManager/build/macos/Build/Products/Debug/App.framework/Versions/A/Resources/flutter_assets/FontManifest.json' is located outside of the allowed root paths.

warning: Stale file '/Users/navtej/work/MovieManager/build/macos/Build/Products/Debug/App.framework/Versions/A/Resources/flutter_assets/NOTICES.Z' is located outside of the allowed root paths.

warning: Stale file '/Users/navtej/work/MovieManager/build/macos/Build/Products/Debug/App.framework/Versions/A/Resources/flutter_assets/NativeAssetsManifest.json' is located outside of the allowed root paths.

warning: Stale file '/Users/navtej/work/MovieManager/build/macos/Build/Products/Debug/App.framework/Versions/A/Resources/flutter_assets/fonts/MaterialIcons-Regular.otf' is located outside of the allowed root paths.

warning: Stale file '/Users/navtej/work/MovieManager/build/macos/Build/Products/Debug/App.framework/Versions/A/Resources/flutter_assets/isolate_snapshot_data' is located outside of the allowed root paths.

warning: Stale file '/Users/navtej/work/MovieManager/build/macos/Build/Products/Debug/App.framework/Versions/A/Resources/flutter_assets/kernel_blob.bin' is located outside of the allowed root paths.

warning: Stale file '/Users/navtej/work/MovieManager/build/macos/Build/Products/Debug/App.framework/Versions/A/Resources/flutter_assets/packages/cupertino_icons/assets/CupertinoIcons.ttf' is located outside of the allowed root paths.

warning: Stale file '/Users/navtej/work/MovieManager/build/macos/Build/Products/Debug/App.framework/Versions/A/Resources/flutter_assets/shaders/ink_sparkle.frag' is located outside of the allowed root paths.

warning: Stale file '/Users/navtej/work/MovieManager/build/macos/Build/Products/Debug/App.framework/Versions/A/Resources/flutter_assets/shaders/stretch_effect.frag' is located outside of the allowed root paths.

warning: Stale file '/Users/navtej/work/MovieManager/build/macos/Build/Products/Debug/App.framework/Versions/A/Resources/flutter_assets/vm_snapshot_data' is located outside of the allowed root paths.

warning: Stale file '/Users/navtej/work/MovieManager/build/macos/Build/Products/Debug/FlutterMacOS.framework/Versions/A/FlutterMacOS' is located outside of the allowed root paths.

/Users/navtej/work/MovieManager/macos/Pods/Pods.xcodeproj: warning: The macOS deployment target 'MACOSX_DEPLOYMENT_TARGET' is set to 10.11, but the range of supported deployment target versions is 10.13 to 26.0.99. (in target 'macos_ui-macos_ui_privacy' from project 'Pods')
** BUILD FAILED **


The following build commands failed:
	SwiftCompile normal arm64 /Users/navtej/work/MovieManager/macos/Runner/MainFlutterWindow.swift (in target 'Runner' from project 'Runner')
	SwiftCompile normal arm64 Compiling\ MainFlutterWindow.swift /Users/navtej/work/MovieManager/macos/Runner/MainFlutterWindow.swift (in target 'Runner' from project 'Runner')
	Building workspace Runner with scheme Runner and configuration Debug
(3 failures)
